<?xml version="1.0" encoding="UTF-8" ?>
<testsuite tests="2000" failures="0" name="test.ComparatorTest" time="140.117" errors="0" skipped="0">
  <properties>
    <property name="java.runtime.name" value="OpenJDK Runtime Environment"/>
    <property name="java.vm.version" value="13.0.2+8"/>
    <property name="sun.boot.library.path" value="/usr/local/Cellar/openjdk/13.0.2+8_2/libexec/openjdk.jdk/Contents/Home/lib"/>
    <property name="maven.multiModuleProjectDirectory" value="/Users/pragyasharma/api_assignment"/>
    <property name="java.vm.vendor" value="Oracle Corporation"/>
    <property name="java.vendor.url" value="https://openjdk.java.net/"/>
    <property name="guice.disable.misplaced.annotation.check" value="true"/>
    <property name="path.separator" value=":"/>
    <property name="java.vm.name" value="OpenJDK 64-Bit Server VM"/>
    <property name="user.country" value="GB"/>
    <property name="sun.java.launcher" value="SUN_STANDARD"/>
    <property name="java.vm.specification.name" value="Java Virtual Machine Specification"/>
    <property name="user.dir" value="/Users/pragyasharma/api_assignment"/>
    <property name="java.vm.compressedOopsMode" value="Zero based"/>
    <property name="java.runtime.version" value="13.0.2+8"/>
    <property name="os.arch" value="x86_64"/>
    <property name="java.io.tmpdir" value="/var/folders/4h/4tv1kcvx10v8vscmbl01n_mh0000gn/T/"/>
    <property name="line.separator" value="
"/>
    <property name="java.vm.specification.vendor" value="Oracle Corporation"/>
    <property name="os.name" value="Mac OS X"/>
    <property name="classworlds.conf" value="/usr/local/Cellar/maven/3.6.3_1/libexec/bin/m2.conf"/>
    <property name="sun.jnu.encoding" value="UTF-8"/>
    <property name="java.library.path" value="/Users/pragyasharma/Library/Java/Extensions:/Library/Java/Extensions:/Network/Library/Java/Extensions:/System/Library/Java/Extensions:/usr/lib/java:."/>
    <property name="maven.conf" value="/usr/local/Cellar/maven/3.6.3_1/libexec/conf"/>
    <property name="jdk.debug" value="release"/>
    <property name="java.class.version" value="57.0"/>
    <property name="java.specification.name" value="Java Platform API Specification"/>
    <property name="sun.management.compiler" value="HotSpot 64-Bit Tiered Compilers"/>
    <property name="os.version" value="10.14.6"/>
    <property name="library.jansi.path" value="/usr/local/Cellar/maven/3.6.3_1/libexec/lib/jansi-native"/>
    <property name="http.nonProxyHosts" value="local|*.local|169.254/16|*.169.254/16"/>
    <property name="user.home" value="/Users/pragyasharma"/>
    <property name="user.timezone" value="Asia/Kolkata"/>
    <property name="file.encoding" value="UTF-8"/>
    <property name="java.specification.version" value="13"/>
    <property name="user.name" value="pragyasharma"/>
    <property name="java.class.path" value="/usr/local/Cellar/maven/3.6.3_1/libexec/boot/plexus-classworlds-2.6.0.jar"/>
    <property name="java.vm.specification.version" value="13"/>
    <property name="sun.arch.data.model" value="64"/>
    <property name="sun.java.command" value="org.codehaus.plexus.classworlds.launcher.Launcher clean test"/>
    <property name="java.home" value="/usr/local/Cellar/openjdk/13.0.2+8_2/libexec/openjdk.jdk/Contents/Home"/>
    <property name="user.language" value="en"/>
    <property name="java.specification.vendor" value="Oracle Corporation"/>
    <property name="java.vm.info" value="mixed mode, sharing"/>
    <property name="java.version" value="13.0.2"/>
    <property name="java.vendor" value="N/A"/>
    <property name="maven.home" value="/usr/local/Cellar/maven/3.6.3_1/libexec"/>
    <property name="file.separator" value="/"/>
    <property name="java.version.date" value="2020-01-14"/>
    <property name="java.vendor.url.bug" value="https://bugreport.java.com/bugreport/"/>
    <property name="sun.io.unicode.encoding" value="UnicodeBig"/>
    <property name="sun.cpu.endian" value="little"/>
    <property name="socksNonProxyHosts" value="local|*.local|169.254/16|*.169.254/16"/>
    <property name="ftp.nonProxyHosts" value="local|*.local|169.254/16|*.169.254/16"/>
  </properties>
  <testcase classname="test.ComparatorTest" name="testApiResponse" time="1.248"/>
  <testcase classname="test.ComparatorTest" name="testApiResponse" time="0.865"/>
  <testcase classname="test.ComparatorTest" name="testApiResponse" time="0.865"/>
  <testcase classname="test.ComparatorTest" name="testApiResponse" time="0.865"/>
  <testcase classname="test.ComparatorTest" name="testApiResponse" time="0.865"/>
  <testcase classname="test.ComparatorTest" name="testApiResponse" time="0.865"/>
  <testcase classname="test.ComparatorTest" name="testApiResponse" time="0"/>
  <testcase classname="test.ComparatorTest" name="testApiResponse" time="0"/>
  <testcase classname="test.ComparatorTest" name="testApiResponse" time="0.002"/>
  <testcase classname="test.ComparatorTest" name="testApiResponse" time="0.02"/>
  <testcase classname="test.ComparatorTest" name="testApiResponse" time="0.002"/>
  <testcase classname="test.ComparatorTest" name="testApiResponse" time="0.247"/>
  <testcase classname="test.ComparatorTest" name="testApiResponse" time="0.087"/>
  <testcase classname="test.ComparatorTest" name="testApiResponse" time="0"/>
  <testcase classname="test.ComparatorTest" name="testApiResponse" time="0.001"/>
  <testcase classname="test.ComparatorTest" name="testApiResponse" time="0.002"/>
  <testcase classname="test.ComparatorTest" name="testApiResponse" time="0.007"/>
  <testcase classname="test.ComparatorTest" name="testApiResponse" time="0.035"/>
  <testcase classname="test.ComparatorTest" name="testApiResponse" time="0.018"/>
  <testcase classname="test.ComparatorTest" name="testApiResponse" time="0.021"/>
  <testcase classname="test.ComparatorTest" name="testApiResponse" time="0.215"/>
  <testcase classname="test.ComparatorTest" name="testApiResponse" time="0.064"/>
  <testcase classname="test.ComparatorTest" name="testApiResponse" time="0.011"/>
  <testcase classname="test.ComparatorTest" name="testApiResponse" time="0.001"/>
  <testcase classname="test.ComparatorTest" name="testApiResponse" time="0.009"/>
  <testcase classname="test.ComparatorTest" name="testApiResponse" time="0.003"/>
  <testcase classname="test.ComparatorTest" name="testApiResponse" time="0.014"/>
  <testcase classname="test.ComparatorTest" name="testApiResponse" time="0.015"/>
  <testcase classname="test.ComparatorTest" name="testApiResponse" time="0.039"/>
  <testcase classname="test.ComparatorTest" name="testApiResponse" time="0.039"/>
  <testcase classname="test.ComparatorTest" name="testApiResponse" time="0.018"/>
  <testcase classname="test.ComparatorTest" name="testApiResponse" time="0.228"/>
  <testcase classname="test.ComparatorTest" name="testApiResponse" time="0.026"/>
  <testcase classname="test.ComparatorTest" name="testApiResponse" time="0.008"/>
  <testcase classname="test.ComparatorTest" name="testApiResponse" time="0.026"/>
  <testcase classname="test.ComparatorTest" name="testApiResponse" time="0.017"/>
  <testcase classname="test.ComparatorTest" name="testApiResponse" time="0.013"/>
  <testcase classname="test.ComparatorTest" name="testApiResponse" time="0.012"/>
  <testcase classname="test.ComparatorTest" name="testApiResponse" time="0.01"/>
  <testcase classname="test.ComparatorTest" name="testApiResponse" time="0.019"/>
  <testcase classname="test.ComparatorTest" name="testApiResponse" time="0.007"/>
  <testcase classname="test.ComparatorTest" name="testApiResponse" time="0.203"/>
  <testcase classname="test.ComparatorTest" name="testApiResponse" time="0.03"/>
  <testcase classname="test.ComparatorTest" name="testApiResponse" time="0.052"/>
  <testcase classname="test.ComparatorTest" name="testApiResponse" time="0.016"/>
  <testcase classname="test.ComparatorTest" name="testApiResponse" time="0.017"/>
  <testcase classname="test.ComparatorTest" name="testApiResponse" time="0.025"/>
  <testcase classname="test.ComparatorTest" name="testApiResponse" time="0.007"/>
  <testcase classname="test.ComparatorTest" name="testApiResponse" time="0.025"/>
  <testcase classname="test.ComparatorTest" name="testApiResponse" time="0.021"/>
  <testcase classname="test.ComparatorTest" name="testApiResponse" time="0.021"/>
  <testcase classname="test.ComparatorTest" name="testApiResponse" time="0.18"/>
  <testcase classname="test.ComparatorTest" name="testApiResponse" time="0.013"/>
  <testcase classname="test.ComparatorTest" name="testApiResponse" time="0.023"/>
  <testcase classname="test.ComparatorTest" name="testApiResponse" time="0.017"/>
  <testcase classname="test.ComparatorTest" name="testApiResponse" time="0.011"/>
  <testcase classname="test.ComparatorTest" name="testApiResponse" time="0.034"/>
  <testcase classname="test.ComparatorTest" name="testApiResponse" time="0.014"/>
  <testcase classname="test.ComparatorTest" name="testApiResponse" time="0.024"/>
  <testcase classname="test.ComparatorTest" name="testApiResponse" time="0.001"/>
  <testcase classname="test.ComparatorTest" name="testApiResponse" time="0.028"/>
  <testcase classname="test.ComparatorTest" name="testApiResponse" time="0.189"/>
  <testcase classname="test.ComparatorTest" name="testApiResponse" time="0.005"/>
  <testcase classname="test.ComparatorTest" name="testApiResponse" time="0.037"/>
  <testcase classname="test.ComparatorTest" name="testApiResponse" time="0.025"/>
  <testcase classname="test.ComparatorTest" name="testApiResponse" time="0.013"/>
  <testcase classname="test.ComparatorTest" name="testApiResponse" time="0.01"/>
  <testcase classname="test.ComparatorTest" name="testApiResponse" time="0.002"/>
  <testcase classname="test.ComparatorTest" name="testApiResponse" time="0.022"/>
  <testcase classname="test.ComparatorTest" name="testApiResponse" time="0.016"/>
  <testcase classname="test.ComparatorTest" name="testApiResponse" time="0.035"/>
  <testcase classname="test.ComparatorTest" name="testApiResponse" time="0.168"/>
  <testcase classname="test.ComparatorTest" name="testApiResponse" time="0.006"/>
  <testcase classname="test.ComparatorTest" name="testApiResponse" time="0.081"/>
  <testcase classname="test.ComparatorTest" name="testApiResponse" time="0.081"/>
  <testcase classname="test.ComparatorTest" name="testApiResponse" time="0.003"/>
  <testcase classname="test.ComparatorTest" name="testApiResponse" time="0.004"/>
  <testcase classname="test.ComparatorTest" name="testApiResponse" time="0.031"/>
  <testcase classname="test.ComparatorTest" name="testApiResponse" time="0.008"/>
  <testcase classname="test.ComparatorTest" name="testApiResponse" time="0.017"/>
  <testcase classname="test.ComparatorTest" name="testApiResponse" time="0.03"/>
  <testcase classname="test.ComparatorTest" name="testApiResponse" time="0.186"/>
  <testcase classname="test.ComparatorTest" name="testApiResponse" time="0.003"/>
  <testcase classname="test.ComparatorTest" name="testApiResponse" time="0.058"/>
  <testcase classname="test.ComparatorTest" name="testApiResponse" time="0.005"/>
  <testcase classname="test.ComparatorTest" name="testApiResponse" time="0.012"/>
  <testcase classname="test.ComparatorTest" name="testApiResponse" time="0.01"/>
  <testcase classname="test.ComparatorTest" name="testApiResponse" time="0.007"/>
  <testcase classname="test.ComparatorTest" name="testApiResponse" time="0.054"/>
  <testcase classname="test.ComparatorTest" name="testApiResponse" time="0.001"/>
  <testcase classname="test.ComparatorTest" name="testApiResponse" time="0.008"/>
  <testcase classname="test.ComparatorTest" name="testApiResponse" time="0.173"/>
  <testcase classname="test.ComparatorTest" name="testApiResponse" time="0.029"/>
  <testcase classname="test.ComparatorTest" name="testApiResponse" time="0.044"/>
  <testcase classname="test.ComparatorTest" name="testApiResponse" time="0.006"/>
  <testcase classname="test.ComparatorTest" name="testApiResponse" time="0.016"/>
  <testcase classname="test.ComparatorTest" name="testApiResponse" time="0.014"/>
  <testcase classname="test.ComparatorTest" name="testApiResponse" time="0.011"/>
  <testcase classname="test.ComparatorTest" name="testApiResponse" time="0.036"/>
  <testcase classname="test.ComparatorTest" name="testApiResponse" time="0.008"/>
  <testcase classname="test.ComparatorTest" name="testApiResponse" time="0.035"/>
  <testcase classname="test.ComparatorTest" name="testApiResponse" time="0.146"/>
  <testcase classname="test.ComparatorTest" name="testApiResponse" time="0.059"/>
  <testcase classname="test.ComparatorTest" name="testApiResponse" time="0.019"/>
  <testcase classname="test.ComparatorTest" name="testApiResponse" time="0.002"/>
  <testcase classname="test.ComparatorTest" name="testApiResponse" time="0.005"/>
  <testcase classname="test.ComparatorTest" name="testApiResponse" time="0.011"/>
  <testcase classname="test.ComparatorTest" name="testApiResponse" time="0.033"/>
  <testcase classname="test.ComparatorTest" name="testApiResponse" time="0.036"/>
  <testcase classname="test.ComparatorTest" name="testApiResponse" time="0.049"/>
  <testcase classname="test.ComparatorTest" name="testApiResponse" time="0.042"/>
  <testcase classname="test.ComparatorTest" name="testApiResponse" time="0.098"/>
  <testcase classname="test.ComparatorTest" name="testApiResponse" time="0.04"/>
  <testcase classname="test.ComparatorTest" name="testApiResponse" time="0.038"/>
  <testcase classname="test.ComparatorTest" name="testApiResponse" time="0.003"/>
  <testcase classname="test.ComparatorTest" name="testApiResponse" time="0.007"/>
  <testcase classname="test.ComparatorTest" name="testApiResponse" time="0.008"/>
  <testcase classname="test.ComparatorTest" name="testApiResponse" time="0.038"/>
  <testcase classname="test.ComparatorTest" name="testApiResponse" time="0.026"/>
  <testcase classname="test.ComparatorTest" name="testApiResponse" time="0.066"/>
  <testcase classname="test.ComparatorTest" name="testApiResponse" time="0.004"/>
  <testcase classname="test.ComparatorTest" name="testApiResponse" time="0.123"/>
  <testcase classname="test.ComparatorTest" name="testApiResponse" time="0.048"/>
  <testcase classname="test.ComparatorTest" name="testApiResponse" time="0.01"/>
  <testcase classname="test.ComparatorTest" name="testApiResponse" time="0.003"/>
  <testcase classname="test.ComparatorTest" name="testApiResponse" time="0.011"/>
  <testcase classname="test.ComparatorTest" name="testApiResponse" time="0.014"/>
  <testcase classname="test.ComparatorTest" name="testApiResponse" time="0.036"/>
  <testcase classname="test.ComparatorTest" name="testApiResponse" time="0.059"/>
  <testcase classname="test.ComparatorTest" name="testApiResponse" time="0.019"/>
  <testcase classname="test.ComparatorTest" name="testApiResponse" time="0.015"/>
  <testcase classname="test.ComparatorTest" name="testApiResponse" time="0.101"/>
  <testcase classname="test.ComparatorTest" name="testApiResponse" time="0.057"/>
  <testcase classname="test.ComparatorTest" name="testApiResponse" time="0.003"/>
  <testcase classname="test.ComparatorTest" name="testApiResponse" time="0.018"/>
  <testcase classname="test.ComparatorTest" name="testApiResponse" time="0.039"/>
  <testcase classname="test.ComparatorTest" name="testApiResponse" time="0.073"/>
  <testcase classname="test.ComparatorTest" name="testApiResponse" time="0.013"/>
  <testcase classname="test.ComparatorTest" name="testApiResponse" time="0.01"/>
  <testcase classname="test.ComparatorTest" name="testApiResponse" time="0.003"/>
  <testcase classname="test.ComparatorTest" name="testApiResponse" time="0.021"/>
  <testcase classname="test.ComparatorTest" name="testApiResponse" time="0.128"/>
  <testcase classname="test.ComparatorTest" name="testApiResponse" time="0.029"/>
  <testcase classname="test.ComparatorTest" name="testApiResponse" time="0.004"/>
  <testcase classname="test.ComparatorTest" name="testApiResponse" time="0.046"/>
  <testcase classname="test.ComparatorTest" name="testApiResponse" time="0.046"/>
  <testcase classname="test.ComparatorTest" name="testApiResponse" time="0.01"/>
  <testcase classname="test.ComparatorTest" name="testApiResponse" time="0.021"/>
  <testcase classname="test.ComparatorTest" name="testApiResponse" time="0.014"/>
  <testcase classname="test.ComparatorTest" name="testApiResponse" time="0.059"/>
  <testcase classname="test.ComparatorTest" name="testApiResponse" time="0.009"/>
  <testcase classname="test.ComparatorTest" name="testApiResponse" time="0.126"/>
  <testcase classname="test.ComparatorTest" name="testApiResponse" time="0.009"/>
  <testcase classname="test.ComparatorTest" name="testApiResponse" time="0.001"/>
  <testcase classname="test.ComparatorTest" name="testApiResponse" time="0.075"/>
  <testcase classname="test.ComparatorTest" name="testApiResponse" time="0.01"/>
  <testcase classname="test.ComparatorTest" name="testApiResponse" time="0.015"/>
  <testcase classname="test.ComparatorTest" name="testApiResponse" time="0.008"/>
  <testcase classname="test.ComparatorTest" name="testApiResponse" time="0.008"/>
  <testcase classname="test.ComparatorTest" name="testApiResponse" time="0.044"/>
  <testcase classname="test.ComparatorTest" name="testApiResponse" time="0.033"/>
  <testcase classname="test.ComparatorTest" name="testApiResponse" time="0.135"/>
  <testcase classname="test.ComparatorTest" name="testApiResponse" time="0.008"/>
  <testcase classname="test.ComparatorTest" name="testApiResponse" time="0.01"/>
  <testcase classname="test.ComparatorTest" name="testApiResponse" time="0.059"/>
  <testcase classname="test.ComparatorTest" name="testApiResponse" time="0.015"/>
  <testcase classname="test.ComparatorTest" name="testApiResponse" time="0.014"/>
  <testcase classname="test.ComparatorTest" name="testApiResponse" time="0.027"/>
  <testcase classname="test.ComparatorTest" name="testApiResponse" time="0.019"/>
  <testcase classname="test.ComparatorTest" name="testApiResponse" time="0.011"/>
  <testcase classname="test.ComparatorTest" name="testApiResponse" time="0.075"/>
  <testcase classname="test.ComparatorTest" name="testApiResponse" time="0.096"/>
  <testcase classname="test.ComparatorTest" name="testApiResponse" time="0.022"/>
  <testcase classname="test.ComparatorTest" name="testApiResponse" time="0.008"/>
  <testcase classname="test.ComparatorTest" name="testApiResponse" time="0.032"/>
  <testcase classname="test.ComparatorTest" name="testApiResponse" time="0.042"/>
  <testcase classname="test.ComparatorTest" name="testApiResponse" time="0.014"/>
  <testcase classname="test.ComparatorTest" name="testApiResponse" time="0.037"/>
  <testcase classname="test.ComparatorTest" name="testApiResponse" time="0.037"/>
  <testcase classname="test.ComparatorTest" name="testApiResponse" time="0.038"/>
  <testcase classname="test.ComparatorTest" name="testApiResponse" time="0.093"/>
  <testcase classname="test.ComparatorTest" name="testApiResponse" time="0.088"/>
  <testcase classname="test.ComparatorTest" name="testApiResponse" time="0.02"/>
  <testcase classname="test.ComparatorTest" name="testApiResponse" time="0.018"/>
  <testcase classname="test.ComparatorTest" name="testApiResponse" time="0.001"/>
  <testcase classname="test.ComparatorTest" name="testApiResponse" time="0.07"/>
  <testcase classname="test.ComparatorTest" name="testApiResponse" time="0.009"/>
  <testcase classname="test.ComparatorTest" name="testApiResponse" time="0.024"/>
  <testcase classname="test.ComparatorTest" name="testApiResponse" time="0.008"/>
  <testcase classname="test.ComparatorTest" name="testApiResponse" time="0.023"/>
  <testcase classname="test.ComparatorTest" name="testApiResponse" time="0.072"/>
  <testcase classname="test.ComparatorTest" name="testApiResponse" time="0.094"/>
  <testcase classname="test.ComparatorTest" name="testApiResponse" time="0.017"/>
  <testcase classname="test.ComparatorTest" name="testApiResponse" time="0.008"/>
  <testcase classname="test.ComparatorTest" name="testApiResponse" time="0.027"/>
  <testcase classname="test.ComparatorTest" name="testApiResponse" time="0.046"/>
  <testcase classname="test.ComparatorTest" name="testApiResponse" time="0.019"/>
  <testcase classname="test.ComparatorTest" name="testApiResponse" time="0.024"/>
  <testcase classname="test.ComparatorTest" name="testApiResponse" time="0.006"/>
  <testcase classname="test.ComparatorTest" name="testApiResponse" time="0.024"/>
  <testcase classname="test.ComparatorTest" name="testApiResponse" time="0.077"/>
  <testcase classname="test.ComparatorTest" name="testApiResponse" time="0.106"/>
  <testcase classname="test.ComparatorTest" name="testApiResponse" time="0.007"/>
  <testcase classname="test.ComparatorTest" name="testApiResponse" time="0.004"/>
  <testcase classname="test.ComparatorTest" name="testApiResponse" time="0.066"/>
  <testcase classname="test.ComparatorTest" name="testApiResponse" time="0"/>
  <testcase classname="test.ComparatorTest" name="testApiResponse" time="0.023"/>
  <testcase classname="test.ComparatorTest" name="testApiResponse" time="0.026"/>
  <testcase classname="test.ComparatorTest" name="testApiResponse" time="0.016"/>
  <testcase classname="test.ComparatorTest" name="testApiResponse" time="0.007"/>
  <testcase classname="test.ComparatorTest" name="testApiResponse" time="0.097"/>
  <testcase classname="test.ComparatorTest" name="testApiResponse" time="0.077"/>
  <testcase classname="test.ComparatorTest" name="testApiResponse" time="0.009"/>
  <testcase classname="test.ComparatorTest" name="testApiResponse" time="0.006"/>
  <testcase classname="test.ComparatorTest" name="testApiResponse" time="0.013"/>
  <testcase classname="test.ComparatorTest" name="testApiResponse" time="0.047"/>
  <testcase classname="test.ComparatorTest" name="testApiResponse" time="0.022"/>
  <testcase classname="test.ComparatorTest" name="testApiResponse" time="0.035"/>
  <testcase classname="test.ComparatorTest" name="testApiResponse" time="0.006"/>
  <testcase classname="test.ComparatorTest" name="testApiResponse" time="0.02"/>
  <testcase classname="test.ComparatorTest" name="testApiResponse" time="0.014"/>
  <testcase classname="test.ComparatorTest" name="testApiResponse" time="0.132"/>
  <testcase classname="test.ComparatorTest" name="testApiResponse" time="0.037"/>
  <testcase classname="test.ComparatorTest" name="testApiResponse" time="0.019"/>
  <testcase classname="test.ComparatorTest" name="testApiResponse" time="0.001"/>
  <testcase classname="test.ComparatorTest" name="testApiResponse" time="0.071"/>
  <testcase classname="test.ComparatorTest" name="testApiResponse" time="0.016"/>
  <testcase classname="test.ComparatorTest" name="testApiResponse" time="0.039"/>
  <testcase classname="test.ComparatorTest" name="testApiResponse" time="0.014"/>
  <testcase classname="test.ComparatorTest" name="testApiResponse" time="0.001"/>
  <testcase classname="test.ComparatorTest" name="testApiResponse" time="0.004"/>
  <testcase classname="test.ComparatorTest" name="testApiResponse" time="0.141"/>
  <testcase classname="test.ComparatorTest" name="testApiResponse" time="0.027"/>
  <testcase classname="test.ComparatorTest" name="testApiResponse" time="0.019"/>
  <testcase classname="test.ComparatorTest" name="testApiResponse" time="0.012"/>
  <testcase classname="test.ComparatorTest" name="testApiResponse" time="0.091"/>
  <testcase classname="test.ComparatorTest" name="testApiResponse" time="0.003"/>
  <testcase classname="test.ComparatorTest" name="testApiResponse" time="0.013"/>
  <testcase classname="test.ComparatorTest" name="testApiResponse" time="0.012"/>
  <testcase classname="test.ComparatorTest" name="testApiResponse" time="0.019"/>
  <testcase classname="test.ComparatorTest" name="testApiResponse" time="0.008"/>
  <testcase classname="test.ComparatorTest" name="testApiResponse" time="0.145"/>
  <testcase classname="test.ComparatorTest" name="testApiResponse" time="0.006"/>
  <testcase classname="test.ComparatorTest" name="testApiResponse" time="0.005"/>
  <testcase classname="test.ComparatorTest" name="testApiResponse" time="0.021"/>
  <testcase classname="test.ComparatorTest" name="testApiResponse" time="0.002"/>
  <testcase classname="test.ComparatorTest" name="testApiResponse" time="0.098"/>
  <testcase classname="test.ComparatorTest" name="testApiResponse" time="0.013"/>
  <testcase classname="test.ComparatorTest" name="testApiResponse" time="0.001"/>
  <testcase classname="test.ComparatorTest" name="testApiResponse" time="0.012"/>
  <testcase classname="test.ComparatorTest" name="testApiResponse" time="0.019"/>
  <testcase classname="test.ComparatorTest" name="testApiResponse" time="0.012"/>
  <testcase classname="test.ComparatorTest" name="testApiResponse" time="0.147"/>
  <testcase classname="test.ComparatorTest" name="testApiResponse" time="0.013"/>
  <testcase classname="test.ComparatorTest" name="testApiResponse" time="0.016"/>
  <testcase classname="test.ComparatorTest" name="testApiResponse" time="0.02"/>
  <testcase classname="test.ComparatorTest" name="testApiResponse" time="0.078"/>
  <testcase classname="test.ComparatorTest" name="testApiResponse" time="0.003"/>
  <testcase classname="test.ComparatorTest" name="testApiResponse" time="0.001"/>
  <testcase classname="test.ComparatorTest" name="testApiResponse" time="0.019"/>
  <testcase classname="test.ComparatorTest" name="testApiResponse" time="0.027"/>
  <testcase classname="test.ComparatorTest" name="testApiResponse" time="0.029"/>
  <testcase classname="test.ComparatorTest" name="testApiResponse" time="0.129"/>
  <testcase classname="test.ComparatorTest" name="testApiResponse" time="0.007"/>
  <testcase classname="test.ComparatorTest" name="testApiResponse" time="0.016"/>
  <testcase classname="test.ComparatorTest" name="testApiResponse" time="0.03"/>
  <testcase classname="test.ComparatorTest" name="testApiResponse" time="0.061"/>
  <testcase classname="test.ComparatorTest" name="testApiResponse" time="0.011"/>
  <testcase classname="test.ComparatorTest" name="testApiResponse" time="0.015"/>
  <testcase classname="test.ComparatorTest" name="testApiResponse" time="0.028"/>
  <testcase classname="test.ComparatorTest" name="testApiResponse" time="0.01"/>
  <testcase classname="test.ComparatorTest" name="testApiResponse" time="0.029"/>
  <testcase classname="test.ComparatorTest" name="testApiResponse" time="0.104"/>
  <testcase classname="test.ComparatorTest" name="testApiResponse" time="0.021"/>
  <testcase classname="test.ComparatorTest" name="testApiResponse" time="0.032"/>
  <testcase classname="test.ComparatorTest" name="testApiResponse" time="0.001"/>
  <testcase classname="test.ComparatorTest" name="testApiResponse" time="0.09"/>
  <testcase classname="test.ComparatorTest" name="testApiResponse" time="0.027"/>
  <testcase classname="test.ComparatorTest" name="testApiResponse" time="0.004"/>
  <testcase classname="test.ComparatorTest" name="testApiResponse" time="0.019"/>
  <testcase classname="test.ComparatorTest" name="testApiResponse" time="0.02"/>
  <testcase classname="test.ComparatorTest" name="testApiResponse" time="0.033"/>
  <testcase classname="test.ComparatorTest" name="testApiResponse" time="0.079"/>
  <testcase classname="test.ComparatorTest" name="testApiResponse" time="0.042"/>
  <testcase classname="test.ComparatorTest" name="testApiResponse" time="0.009"/>
  <testcase classname="test.ComparatorTest" name="testApiResponse" time="0.002"/>
  <testcase classname="test.ComparatorTest" name="testApiResponse" time="0.103"/>
  <testcase classname="test.ComparatorTest" name="testApiResponse" time="0.013"/>
  <testcase classname="test.ComparatorTest" name="testApiResponse" time="0.033"/>
  <testcase classname="test.ComparatorTest" name="testApiResponse" time="0.003"/>
  <testcase classname="test.ComparatorTest" name="testApiResponse" time="0.019"/>
  <testcase classname="test.ComparatorTest" name="testApiResponse" time="0.02"/>
  <testcase classname="test.ComparatorTest" name="testApiResponse" time="0.074"/>
  <testcase classname="test.ComparatorTest" name="testApiResponse" time="0.038"/>
  <testcase classname="test.ComparatorTest" name="testApiResponse" time="0.017"/>
  <testcase classname="test.ComparatorTest" name="testApiResponse" time="0.001"/>
  <testcase classname="test.ComparatorTest" name="testApiResponse" time="0.017"/>
  <testcase classname="test.ComparatorTest" name="testApiResponse" time="0.01"/>
  <testcase classname="test.ComparatorTest" name="testApiResponse" time="0.073"/>
  <testcase classname="test.ComparatorTest" name="testApiResponse" time="0.043"/>
  <testcase classname="test.ComparatorTest" name="testApiResponse" time="0.002"/>
  <testcase classname="test.ComparatorTest" name="testApiResponse" time="0.135"/>
  <testcase classname="test.ComparatorTest" name="testApiResponse" time="0.026"/>
  <testcase classname="test.ComparatorTest" name="testApiResponse" time="0.003"/>
  <testcase classname="test.ComparatorTest" name="testApiResponse" time="0.005"/>
  <testcase classname="test.ComparatorTest" name="testApiResponse" time="0.023"/>
  <testcase classname="test.ComparatorTest" name="testApiResponse" time="0.02"/>
  <testcase classname="test.ComparatorTest" name="testApiResponse" time="0.018"/>
  <testcase classname="test.ComparatorTest" name="testApiResponse" time="0.061"/>
  <testcase classname="test.ComparatorTest" name="testApiResponse" time="0.016"/>
  <testcase classname="test.ComparatorTest" name="testApiResponse" time="0.019"/>
  <testcase classname="test.ComparatorTest" name="testApiResponse" time="0.136"/>
  <testcase classname="test.ComparatorTest" name="testApiResponse" time="0.02"/>
  <testcase classname="test.ComparatorTest" name="testApiResponse" time="0.011"/>
  <testcase classname="test.ComparatorTest" name="testApiResponse" time="0.038"/>
  <testcase classname="test.ComparatorTest" name="testApiResponse" time="0.018"/>
  <testcase classname="test.ComparatorTest" name="testApiResponse" time="0.004"/>
  <testcase classname="test.ComparatorTest" name="testApiResponse" time="0.009"/>
  <testcase classname="test.ComparatorTest" name="testApiResponse" time="0.066"/>
  <testcase classname="test.ComparatorTest" name="testApiResponse" time="0.002"/>
  <testcase classname="test.ComparatorTest" name="testApiResponse" time="0.035"/>
  <testcase classname="test.ComparatorTest" name="testApiResponse" time="0.106"/>
  <testcase classname="test.ComparatorTest" name="testApiResponse" time="0.049"/>
  <testcase classname="test.ComparatorTest" name="testApiResponse" time="0.029"/>
  <testcase classname="test.ComparatorTest" name="testApiResponse" time="0.012"/>
  <testcase classname="test.ComparatorTest" name="testApiResponse" time="0.004"/>
  <testcase classname="test.ComparatorTest" name="testApiResponse" time="0.004"/>
  <testcase classname="test.ComparatorTest" name="testApiResponse" time="0.015"/>
  <testcase classname="test.ComparatorTest" name="testApiResponse" time="0.077"/>
  <testcase classname="test.ComparatorTest" name="testApiResponse" time="0.022"/>
  <testcase classname="test.ComparatorTest" name="testApiResponse" time="0.01"/>
  <testcase classname="test.ComparatorTest" name="testApiResponse" time="0.118"/>
  <testcase classname="test.ComparatorTest" name="testApiResponse" time="0.031"/>
  <testcase classname="test.ComparatorTest" name="testApiResponse" time="0.031"/>
  <testcase classname="test.ComparatorTest" name="testApiResponse" time="0.011"/>
  <testcase classname="test.ComparatorTest" name="testApiResponse" time="0.01"/>
  <testcase classname="test.ComparatorTest" name="testApiResponse" time="0.009"/>
  <testcase classname="test.ComparatorTest" name="testApiResponse" time="0.006"/>
  <testcase classname="test.ComparatorTest" name="testApiResponse" time="0.08"/>
  <testcase classname="test.ComparatorTest" name="testApiResponse" time="0.033"/>
  <testcase classname="test.ComparatorTest" name="testApiResponse" time="0.03"/>
  <testcase classname="test.ComparatorTest" name="testApiResponse" time="0.066"/>
  <testcase classname="test.ComparatorTest" name="testApiResponse" time="0.055"/>
  <testcase classname="test.ComparatorTest" name="testApiResponse" time="0.002"/>
  <testcase classname="test.ComparatorTest" name="testApiResponse" time="0.031"/>
  <testcase classname="test.ComparatorTest" name="testApiResponse" time="0.01"/>
  <testcase classname="test.ComparatorTest" name="testApiResponse" time="0.028"/>
  <testcase classname="test.ComparatorTest" name="testApiResponse" time="0.032"/>
  <testcase classname="test.ComparatorTest" name="testApiResponse" time="0.061"/>
  <testcase classname="test.ComparatorTest" name="testApiResponse" time="0.026"/>
  <testcase classname="test.ComparatorTest" name="testApiResponse" time="0.035"/>
  <testcase classname="test.ComparatorTest" name="testApiResponse" time="0.06"/>
  <testcase classname="test.ComparatorTest" name="testApiResponse" time="0.036"/>
  <testcase classname="test.ComparatorTest" name="testApiResponse" time="0.008"/>
  <testcase classname="test.ComparatorTest" name="testApiResponse" time="0.042"/>
  <testcase classname="test.ComparatorTest" name="testApiResponse" time="0.02"/>
  <testcase classname="test.ComparatorTest" name="testApiResponse" time="0.024"/>
  <testcase classname="test.ComparatorTest" name="testApiResponse" time="0.03"/>
  <testcase classname="test.ComparatorTest" name="testApiResponse" time="0.052"/>
  <testcase classname="test.ComparatorTest" name="testApiResponse" time="0.037"/>
  <testcase classname="test.ComparatorTest" name="testApiResponse" time="0.049"/>
  <testcase classname="test.ComparatorTest" name="testApiResponse" time="0.038"/>
  <testcase classname="test.ComparatorTest" name="testApiResponse" time="0.041"/>
  <testcase classname="test.ComparatorTest" name="testApiResponse" time="0.01"/>
  <testcase classname="test.ComparatorTest" name="testApiResponse" time="0.043"/>
  <testcase classname="test.ComparatorTest" name="testApiResponse" time="0.001"/>
  <testcase classname="test.ComparatorTest" name="testApiResponse" time="0.029"/>
  <testcase classname="test.ComparatorTest" name="testApiResponse" time="0.011"/>
  <testcase classname="test.ComparatorTest" name="testApiResponse" time="0.048"/>
  <testcase classname="test.ComparatorTest" name="testApiResponse" time="0.058"/>
  <testcase classname="test.ComparatorTest" name="testApiResponse" time="0.053"/>
  <testcase classname="test.ComparatorTest" name="testApiResponse" time="0.039"/>
  <testcase classname="test.ComparatorTest" name="testApiResponse" time="0.022"/>
  <testcase classname="test.ComparatorTest" name="testApiResponse" time="0.041"/>
  <testcase classname="test.ComparatorTest" name="testApiResponse" time="0.012"/>
  <testcase classname="test.ComparatorTest" name="testApiResponse" time="0.027"/>
  <testcase classname="test.ComparatorTest" name="testApiResponse" time="0.01"/>
  <testcase classname="test.ComparatorTest" name="testApiResponse" time="0.041"/>
  <testcase classname="test.ComparatorTest" name="testApiResponse" time="0.007"/>
  <testcase classname="test.ComparatorTest" name="testApiResponse" time="0.08"/>
  <testcase classname="test.ComparatorTest" name="testApiResponse" time="0.037"/>
  <testcase classname="test.ComparatorTest" name="testApiResponse" time="0.038"/>
  <testcase classname="test.ComparatorTest" name="testApiResponse" time="0.052"/>
  <testcase classname="test.ComparatorTest" name="testApiResponse" time="0.03"/>
  <testcase classname="test.ComparatorTest" name="testApiResponse" time="0.044"/>
  <testcase classname="test.ComparatorTest" name="testApiResponse" time="0.01"/>
  <testcase classname="test.ComparatorTest" name="testApiResponse" time="0.011"/>
  <testcase classname="test.ComparatorTest" name="testApiResponse" time="0.02"/>
  <testcase classname="test.ComparatorTest" name="testApiResponse" time="0.006"/>
  <testcase classname="test.ComparatorTest" name="testApiResponse" time="0.093"/>
  <testcase classname="test.ComparatorTest" name="testApiResponse" time="0.012"/>
  <testcase classname="test.ComparatorTest" name="testApiResponse" time="0.066"/>
  <testcase classname="test.ComparatorTest" name="testApiResponse" time="0.048"/>
  <testcase classname="test.ComparatorTest" name="testApiResponse" time="0.013"/>
  <testcase classname="test.ComparatorTest" name="testApiResponse" time="0.041"/>
  <testcase classname="test.ComparatorTest" name="testApiResponse" time="0.031"/>
  <testcase classname="test.ComparatorTest" name="testApiResponse" time="0.017"/>
  <testcase classname="test.ComparatorTest" name="testApiResponse" time="0.003"/>
  <testcase classname="test.ComparatorTest" name="testApiResponse" time="0.03"/>
  <testcase classname="test.ComparatorTest" name="testApiResponse" time="0.071"/>
  <testcase classname="test.ComparatorTest" name="testApiResponse" time="0.021"/>
  <testcase classname="test.ComparatorTest" name="testApiResponse" time="0.045"/>
  <testcase classname="test.ComparatorTest" name="testApiResponse" time="0.06"/>
  <testcase classname="test.ComparatorTest" name="testApiResponse" time="0.015"/>
  <testcase classname="test.ComparatorTest" name="testApiResponse" time="0.032"/>
  <testcase classname="test.ComparatorTest" name="testApiResponse" time="0.039"/>
  <testcase classname="test.ComparatorTest" name="testApiResponse" time="0.006"/>
  <testcase classname="test.ComparatorTest" name="testApiResponse" time="0.05"/>
  <testcase classname="test.ComparatorTest" name="testApiResponse" time="0.05"/>
  <testcase classname="test.ComparatorTest" name="testApiResponse" time="0.045"/>
  <testcase classname="test.ComparatorTest" name="testApiResponse" time="0.043"/>
  <testcase classname="test.ComparatorTest" name="testApiResponse" time="0.029"/>
  <testcase classname="test.ComparatorTest" name="testApiResponse" time="0.078"/>
  <testcase classname="test.ComparatorTest" name="testApiResponse" time="0.015"/>
  <testcase classname="test.ComparatorTest" name="testApiResponse" time="0.026"/>
  <testcase classname="test.ComparatorTest" name="testApiResponse" time="0.035"/>
  <testcase classname="test.ComparatorTest" name="testApiResponse" time="0.012"/>
  <testcase classname="test.ComparatorTest" name="testApiResponse" time="0.033"/>
  <testcase classname="test.ComparatorTest" name="testApiResponse" time="0.003"/>
  <testcase classname="test.ComparatorTest" name="testApiResponse" time="0.081"/>
  <testcase classname="test.ComparatorTest" name="testApiResponse" time="0.014"/>
  <testcase classname="test.ComparatorTest" name="testApiResponse" time="0.017"/>
  <testcase classname="test.ComparatorTest" name="testApiResponse" time="0.084"/>
  <testcase classname="test.ComparatorTest" name="testApiResponse" time="0.005"/>
  <testcase classname="test.ComparatorTest" name="testApiResponse" time="0.031"/>
  <testcase classname="test.ComparatorTest" name="testApiResponse" time="0.059"/>
  <testcase classname="test.ComparatorTest" name="testApiResponse" time="0.017"/>
  <testcase classname="test.ComparatorTest" name="testApiResponse" time="0.018"/>
  <testcase classname="test.ComparatorTest" name="testApiResponse" time="0.009"/>
  <testcase classname="test.ComparatorTest" name="testApiResponse" time="0.059"/>
  <testcase classname="test.ComparatorTest" name="testApiResponse" time="0.007"/>
  <testcase classname="test.ComparatorTest" name="testApiResponse" time="0.048"/>
  <testcase classname="test.ComparatorTest" name="testApiResponse" time="0.078"/>
  <testcase classname="test.ComparatorTest" name="testApiResponse" time="0.007"/>
  <testcase classname="test.ComparatorTest" name="testApiResponse" time="0.013"/>
  <testcase classname="test.ComparatorTest" name="testApiResponse" time="0.07"/>
  <testcase classname="test.ComparatorTest" name="testApiResponse" time="0.02"/>
  <testcase classname="test.ComparatorTest" name="testApiResponse" time="0.027"/>
  <testcase classname="test.ComparatorTest" name="testApiResponse" time="0.027"/>
  <testcase classname="test.ComparatorTest" name="testApiResponse" time="0.052"/>
  <testcase classname="test.ComparatorTest" name="testApiResponse" time="0.031"/>
  <testcase classname="test.ComparatorTest" name="testApiResponse" time="0.021"/>
  <testcase classname="test.ComparatorTest" name="testApiResponse" time="0.077"/>
  <testcase classname="test.ComparatorTest" name="testApiResponse" time="0.016"/>
  <testcase classname="test.ComparatorTest" name="testApiResponse" time="0.01"/>
  <testcase classname="test.ComparatorTest" name="testApiResponse" time="0.081"/>
  <testcase classname="test.ComparatorTest" name="testApiResponse" time="0.008"/>
  <testcase classname="test.ComparatorTest" name="testApiResponse" time="0.031"/>
  <testcase classname="test.ComparatorTest" name="testApiResponse" time="0.009"/>
  <testcase classname="test.ComparatorTest" name="testApiResponse" time="0.05"/>
  <testcase classname="test.ComparatorTest" name="testApiResponse" time="0.039"/>
  <testcase classname="test.ComparatorTest" name="testApiResponse" time="0.017"/>
  <testcase classname="test.ComparatorTest" name="testApiResponse" time="0.044"/>
  <testcase classname="test.ComparatorTest" name="testApiResponse" time="0.032"/>
  <testcase classname="test.ComparatorTest" name="testApiResponse" time="0.036"/>
  <testcase classname="test.ComparatorTest" name="testApiResponse" time="0.062"/>
  <testcase classname="test.ComparatorTest" name="testApiResponse" time="0.015"/>
  <testcase classname="test.ComparatorTest" name="testApiResponse" time="0.015"/>
  <testcase classname="test.ComparatorTest" name="testApiResponse" time="0.035"/>
  <testcase classname="test.ComparatorTest" name="testApiResponse" time="0.026"/>
  <testcase classname="test.ComparatorTest" name="testApiResponse" time="0.045"/>
  <testcase classname="test.ComparatorTest" name="testApiResponse" time="0.005"/>
  <testcase classname="test.ComparatorTest" name="testApiResponse" time="0.074"/>
  <testcase classname="test.ComparatorTest" name="testApiResponse" time="0.003"/>
  <testcase classname="test.ComparatorTest" name="testApiResponse" time="0.056"/>
  <testcase classname="test.ComparatorTest" name="testApiResponse" time="0.051"/>
  <testcase classname="test.ComparatorTest" name="testApiResponse" time="0.039"/>
  <testcase classname="test.ComparatorTest" name="testApiResponse" time="0.017"/>
  <testcase classname="test.ComparatorTest" name="testApiResponse" time="0.034"/>
  <testcase classname="test.ComparatorTest" name="testApiResponse" time="0.038"/>
  <testcase classname="test.ComparatorTest" name="testApiResponse" time="0.025"/>
  <testcase classname="test.ComparatorTest" name="testApiResponse" time="0.053"/>
  <testcase classname="test.ComparatorTest" name="testApiResponse" time="0.039"/>
  <testcase classname="test.ComparatorTest" name="testApiResponse" time="0.048"/>
  <testcase classname="test.ComparatorTest" name="testApiResponse" time="0.047"/>
  <testcase classname="test.ComparatorTest" name="testApiResponse" time="0.016"/>
  <testcase classname="test.ComparatorTest" name="testApiResponse" time="0.026"/>
  <testcase classname="test.ComparatorTest" name="testApiResponse" time="0.025"/>
  <testcase classname="test.ComparatorTest" name="testApiResponse" time="0.055"/>
  <testcase classname="test.ComparatorTest" name="testApiResponse" time="0.037"/>
  <testcase classname="test.ComparatorTest" name="testApiResponse" time="0.046"/>
  <testcase classname="test.ComparatorTest" name="testApiResponse" time="0.048"/>
  <testcase classname="test.ComparatorTest" name="testApiResponse" time="0.036"/>
  <testcase classname="test.ComparatorTest" name="testApiResponse" time="0.037"/>
  <testcase classname="test.ComparatorTest" name="testApiResponse" time="0.012"/>
  <testcase classname="test.ComparatorTest" name="testApiResponse" time="0.041"/>
  <testcase classname="test.ComparatorTest" name="testApiResponse" time="0.038"/>
  <testcase classname="test.ComparatorTest" name="testApiResponse" time="0.049"/>
  <testcase classname="test.ComparatorTest" name="testApiResponse" time="0.17"/>
  <testcase classname="test.ComparatorTest" name="testApiResponse" time="0.092"/>
  <testcase classname="test.ComparatorTest" name="testApiResponse" time="0.183"/>
  <testcase classname="test.ComparatorTest" name="testApiResponse" time="0.183"/>
  <testcase classname="test.ComparatorTest" name="testApiResponse" time="0.094"/>
  <testcase classname="test.ComparatorTest" name="testApiResponse" time="0.094"/>
  <testcase classname="test.ComparatorTest" name="testApiResponse" time="0.005"/>
  <testcase classname="test.ComparatorTest" name="testApiResponse" time="0.163"/>
  <testcase classname="test.ComparatorTest" name="testApiResponse" time="0.163"/>
  <testcase classname="test.ComparatorTest" name="testApiResponse" time="0.209"/>
  <testcase classname="test.ComparatorTest" name="testApiResponse" time="0.001"/>
  <testcase classname="test.ComparatorTest" name="testApiResponse" time="0.18"/>
  <testcase classname="test.ComparatorTest" name="testApiResponse" time="0.187"/>
  <testcase classname="test.ComparatorTest" name="testApiResponse" time="0.187"/>
  <testcase classname="test.ComparatorTest" name="testApiResponse" time="0.138"/>
  <testcase classname="test.ComparatorTest" name="testApiResponse" time="0.138"/>
  <testcase classname="test.ComparatorTest" name="testApiResponse" time="0.19"/>
  <testcase classname="test.ComparatorTest" name="testApiResponse" time="0.19"/>
  <testcase classname="test.ComparatorTest" name="testApiResponse" time="0.114"/>
  <testcase classname="test.ComparatorTest" name="testApiResponse" time="0.011"/>
  <testcase classname="test.ComparatorTest" name="testApiResponse" time="0.07"/>
  <testcase classname="test.ComparatorTest" name="testApiResponse" time="0.025"/>
  <testcase classname="test.ComparatorTest" name="testApiResponse" time="0.014"/>
  <testcase classname="test.ComparatorTest" name="testApiResponse" time="0.033"/>
  <testcase classname="test.ComparatorTest" name="testApiResponse" time="0.033"/>
  <testcase classname="test.ComparatorTest" name="testApiResponse" time="0.056"/>
  <testcase classname="test.ComparatorTest" name="testApiResponse" time="0.001"/>
  <testcase classname="test.ComparatorTest" name="testApiResponse" time="0.103"/>
  <testcase classname="test.ComparatorTest" name="testApiResponse" time="0.03"/>
  <testcase classname="test.ComparatorTest" name="testApiResponse" time="0.076"/>
  <testcase classname="test.ComparatorTest" name="testApiResponse" time="0.014"/>
  <testcase classname="test.ComparatorTest" name="testApiResponse" time="0.01"/>
  <testcase classname="test.ComparatorTest" name="testApiResponse" time="0.026"/>
  <testcase classname="test.ComparatorTest" name="testApiResponse" time="0.02"/>
  <testcase classname="test.ComparatorTest" name="testApiResponse" time="0.019"/>
  <testcase classname="test.ComparatorTest" name="testApiResponse" time="0.015"/>
  <testcase classname="test.ComparatorTest" name="testApiResponse" time="0.116"/>
  <testcase classname="test.ComparatorTest" name="testApiResponse" time="0.02"/>
  <testcase classname="test.ComparatorTest" name="testApiResponse" time="0.087"/>
  <testcase classname="test.ComparatorTest" name="testApiResponse" time="0.021"/>
  <testcase classname="test.ComparatorTest" name="testApiResponse" time="0.043"/>
  <testcase classname="test.ComparatorTest" name="testApiResponse" time="0.022"/>
  <testcase classname="test.ComparatorTest" name="testApiResponse" time="0.005"/>
  <testcase classname="test.ComparatorTest" name="testApiResponse" time="0.021"/>
  <testcase classname="test.ComparatorTest" name="testApiResponse" time="0.022"/>
  <testcase classname="test.ComparatorTest" name="testApiResponse" time="0.098"/>
  <testcase classname="test.ComparatorTest" name="testApiResponse" time="0.015"/>
  <testcase classname="test.ComparatorTest" name="testApiResponse" time="0.085"/>
  <testcase classname="test.ComparatorTest" name="testApiResponse" time="0.043"/>
  <testcase classname="test.ComparatorTest" name="testApiResponse" time="0.005"/>
  <testcase classname="test.ComparatorTest" name="testApiResponse" time="0.013"/>
  <testcase classname="test.ComparatorTest" name="testApiResponse" time="0.01"/>
  <testcase classname="test.ComparatorTest" name="testApiResponse" time="0.049"/>
  <testcase classname="test.ComparatorTest" name="testApiResponse" time="0.016"/>
  <testcase classname="test.ComparatorTest" name="testApiResponse" time="0.073"/>
  <testcase classname="test.ComparatorTest" name="testApiResponse" time="0.044"/>
  <testcase classname="test.ComparatorTest" name="testApiResponse" time="0.085"/>
  <testcase classname="test.ComparatorTest" name="testApiResponse" time="0.011"/>
  <testcase classname="test.ComparatorTest" name="testApiResponse" time="0.01"/>
  <testcase classname="test.ComparatorTest" name="testApiResponse" time="0.043"/>
  <testcase classname="test.ComparatorTest" name="testApiResponse" time="0.058"/>
  <testcase classname="test.ComparatorTest" name="testApiResponse" time="0.001"/>
  <testcase classname="test.ComparatorTest" name="testApiResponse" time="0.029"/>
  <testcase classname="test.ComparatorTest" name="testApiResponse" time="0.063"/>
  <testcase classname="test.ComparatorTest" name="testApiResponse" time="0.048"/>
  <testcase classname="test.ComparatorTest" name="testApiResponse" time="0.043"/>
  <testcase classname="test.ComparatorTest" name="testApiResponse" time="0.027"/>
  <testcase classname="test.ComparatorTest" name="testApiResponse" time="0.034"/>
  <testcase classname="test.ComparatorTest" name="testApiResponse" time="0.048"/>
  <testcase classname="test.ComparatorTest" name="testApiResponse" time="0.037"/>
  <testcase classname="test.ComparatorTest" name="testApiResponse" time="0.004"/>
  <testcase classname="test.ComparatorTest" name="testApiResponse" time="0.031"/>
  <testcase classname="test.ComparatorTest" name="testApiResponse" time="0.025"/>
  <testcase classname="test.ComparatorTest" name="testApiResponse" time="0.089"/>
  <testcase classname="test.ComparatorTest" name="testApiResponse" time="0.04"/>
  <testcase classname="test.ComparatorTest" name="testApiResponse" time="0.026"/>
  <testcase classname="test.ComparatorTest" name="testApiResponse" time="0.002"/>
  <testcase classname="test.ComparatorTest" name="testApiResponse" time="0.082"/>
  <testcase classname="test.ComparatorTest" name="testApiResponse" time="0.031"/>
  <testcase classname="test.ComparatorTest" name="testApiResponse" time="0.01"/>
  <testcase classname="test.ComparatorTest" name="testApiResponse" time="0.023"/>
  <testcase classname="test.ComparatorTest" name="testApiResponse" time="0.026"/>
  <testcase classname="test.ComparatorTest" name="testApiResponse" time="0.099"/>
  <testcase classname="test.ComparatorTest" name="testApiResponse" time="0.026"/>
  <testcase classname="test.ComparatorTest" name="testApiResponse" time="0.033"/>
  <testcase classname="test.ComparatorTest" name="testApiResponse" time="0.014"/>
  <testcase classname="test.ComparatorTest" name="testApiResponse" time="0.092"/>
  <testcase classname="test.ComparatorTest" name="testApiResponse" time="0.026"/>
  <testcase classname="test.ComparatorTest" name="testApiResponse" time="0.013"/>
  <testcase classname="test.ComparatorTest" name="testApiResponse" time="0.018"/>
  <testcase classname="test.ComparatorTest" name="testApiResponse" time="0.005"/>
  <testcase classname="test.ComparatorTest" name="testApiResponse" time="0.09"/>
  <testcase classname="test.ComparatorTest" name="testApiResponse" time="0.033"/>
  <testcase classname="test.ComparatorTest" name="testApiResponse" time="0.029"/>
  <testcase classname="test.ComparatorTest" name="testApiResponse" time="0.032"/>
  <testcase classname="test.ComparatorTest" name="testApiResponse" time="0.094"/>
  <testcase classname="test.ComparatorTest" name="testApiResponse" time="0.022"/>
  <testcase classname="test.ComparatorTest" name="testApiResponse" time="0.015"/>
  <testcase classname="test.ComparatorTest" name="testApiResponse" time="0.011"/>
  <testcase classname="test.ComparatorTest" name="testApiResponse" time="0.017"/>
  <testcase classname="test.ComparatorTest" name="testApiResponse" time="0.062"/>
  <testcase classname="test.ComparatorTest" name="testApiResponse" time="0.058"/>
  <testcase classname="test.ComparatorTest" name="testApiResponse" time="0.02"/>
  <testcase classname="test.ComparatorTest" name="testApiResponse" time="0.036"/>
  <testcase classname="test.ComparatorTest" name="testApiResponse" time="0.109"/>
  <testcase classname="test.ComparatorTest" name="testApiResponse" time="0.028"/>
  <testcase classname="test.ComparatorTest" name="testApiResponse" time="0.012"/>
  <testcase classname="test.ComparatorTest" name="testApiResponse" time="0.003"/>
  <testcase classname="test.ComparatorTest" name="testApiResponse" time="0.044"/>
  <testcase classname="test.ComparatorTest" name="testApiResponse" time="0.029"/>
  <testcase classname="test.ComparatorTest" name="testApiResponse" time="0.044"/>
  <testcase classname="test.ComparatorTest" name="testApiResponse" time="0.035"/>
  <testcase classname="test.ComparatorTest" name="testApiResponse" time="0.048"/>
  <testcase classname="test.ComparatorTest" name="testApiResponse" time="0.12"/>
  <testcase classname="test.ComparatorTest" name="testApiResponse" time="0.011"/>
  <testcase classname="test.ComparatorTest" name="testApiResponse" time="0.005"/>
  <testcase classname="test.ComparatorTest" name="testApiResponse" time="0.015"/>
  <testcase classname="test.ComparatorTest" name="testApiResponse" time="0.009"/>
  <testcase classname="test.ComparatorTest" name="testApiResponse" time="0.054"/>
  <testcase classname="test.ComparatorTest" name="testApiResponse" time="0.045"/>
  <testcase classname="test.ComparatorTest" name="testApiResponse" time="0.021"/>
  <testcase classname="test.ComparatorTest" name="testApiResponse" time="0.06"/>
  <testcase classname="test.ComparatorTest" name="testApiResponse" time="0.093"/>
  <testcase classname="test.ComparatorTest" name="testApiResponse" time="0.026"/>
  <testcase classname="test.ComparatorTest" name="testApiResponse" time="0.015"/>
  <testcase classname="test.ComparatorTest" name="testApiResponse" time="0.046"/>
  <testcase classname="test.ComparatorTest" name="testApiResponse" time="0.006"/>
  <testcase classname="test.ComparatorTest" name="testApiResponse" time="0.026"/>
  <testcase classname="test.ComparatorTest" name="testApiResponse" time="0.037"/>
  <testcase classname="test.ComparatorTest" name="testApiResponse" time="0.009"/>
  <testcase classname="test.ComparatorTest" name="testApiResponse" time="0.071"/>
  <testcase classname="test.ComparatorTest" name="testApiResponse" time="0.094"/>
  <testcase classname="test.ComparatorTest" name="testApiResponse" time="0.033"/>
  <testcase classname="test.ComparatorTest" name="testApiResponse" time="0.014"/>
  <testcase classname="test.ComparatorTest" name="testApiResponse" time="0.022"/>
  <testcase classname="test.ComparatorTest" name="testApiResponse" time="0.02"/>
  <testcase classname="test.ComparatorTest" name="testApiResponse" time="0.036"/>
  <testcase classname="test.ComparatorTest" name="testApiResponse" time="0.037"/>
  <testcase classname="test.ComparatorTest" name="testApiResponse" time="0.04"/>
  <testcase classname="test.ComparatorTest" name="testApiResponse" time="0.043"/>
  <testcase classname="test.ComparatorTest" name="testApiResponse" time="0.091"/>
  <testcase classname="test.ComparatorTest" name="testApiResponse" time="0.023"/>
  <testcase classname="test.ComparatorTest" name="testApiResponse" time="0.018"/>
  <testcase classname="test.ComparatorTest" name="testApiResponse" time="0.027"/>
  <testcase classname="test.ComparatorTest" name="testApiResponse" time="0.008"/>
  <testcase classname="test.ComparatorTest" name="testApiResponse" time="0.047"/>
  <testcase classname="test.ComparatorTest" name="testApiResponse" time="0.037"/>
  <testcase classname="test.ComparatorTest" name="testApiResponse" time="0.025"/>
  <testcase classname="test.ComparatorTest" name="testApiResponse" time="0.067"/>
  <testcase classname="test.ComparatorTest" name="testApiResponse" time="0.089"/>
  <testcase classname="test.ComparatorTest" name="testApiResponse" time="0.033"/>
  <testcase classname="test.ComparatorTest" name="testApiResponse" time="0.033"/>
  <testcase classname="test.ComparatorTest" name="testApiResponse" time="0.029"/>
  <testcase classname="test.ComparatorTest" name="testApiResponse" time="0.015"/>
  <testcase classname="test.ComparatorTest" name="testApiResponse" time="0.037"/>
  <testcase classname="test.ComparatorTest" name="testApiResponse" time="0.054"/>
  <testcase classname="test.ComparatorTest" name="testApiResponse" time="0.015"/>
  <testcase classname="test.ComparatorTest" name="testApiResponse" time="0.076"/>
  <testcase classname="test.ComparatorTest" name="testApiResponse" time="0.085"/>
  <testcase classname="test.ComparatorTest" name="testApiResponse" time="0.023"/>
  <testcase classname="test.ComparatorTest" name="testApiResponse" time="0.021"/>
  <testcase classname="test.ComparatorTest" name="testApiResponse" time="0.012"/>
  <testcase classname="test.ComparatorTest" name="testApiResponse" time="0.003"/>
  <testcase classname="test.ComparatorTest" name="testApiResponse" time="0.034"/>
  <testcase classname="test.ComparatorTest" name="testApiResponse" time="0.042"/>
  <testcase classname="test.ComparatorTest" name="testApiResponse" time="0.021"/>
  <testcase classname="test.ComparatorTest" name="testApiResponse" time="0.09"/>
  <testcase classname="test.ComparatorTest" name="testApiResponse" time="0.093"/>
  <testcase classname="test.ComparatorTest" name="testApiResponse" time="0.03"/>
  <testcase classname="test.ComparatorTest" name="testApiResponse" time="0.007"/>
  <testcase classname="test.ComparatorTest" name="testApiResponse" time="0.012"/>
  <testcase classname="test.ComparatorTest" name="testApiResponse" time="0.014"/>
  <testcase classname="test.ComparatorTest" name="testApiResponse" time="0.026"/>
  <testcase classname="test.ComparatorTest" name="testApiResponse" time="0.049"/>
  <testcase classname="test.ComparatorTest" name="testApiResponse" time="0.015"/>
  <testcase classname="test.ComparatorTest" name="testApiResponse" time="0.09"/>
  <testcase classname="test.ComparatorTest" name="testApiResponse" time="0.102"/>
  <testcase classname="test.ComparatorTest" name="testApiResponse" time="0.038"/>
  <testcase classname="test.ComparatorTest" name="testApiResponse" time="0.005"/>
  <testcase classname="test.ComparatorTest" name="testApiResponse" time="0.003"/>
  <testcase classname="test.ComparatorTest" name="testApiResponse" time="0.012"/>
  <testcase classname="test.ComparatorTest" name="testApiResponse" time="0.04"/>
  <testcase classname="test.ComparatorTest" name="testApiResponse" time="0.041"/>
  <testcase classname="test.ComparatorTest" name="testApiResponse" time="0.003"/>
  <testcase classname="test.ComparatorTest" name="testApiResponse" time="0.106"/>
  <testcase classname="test.ComparatorTest" name="testApiResponse" time="0.109"/>
  <testcase classname="test.ComparatorTest" name="testApiResponse" time="0.011"/>
  <testcase classname="test.ComparatorTest" name="testApiResponse" time="0.018"/>
  <testcase classname="test.ComparatorTest" name="testApiResponse" time="0.004"/>
  <testcase classname="test.ComparatorTest" name="testApiResponse" time="0.039"/>
  <testcase classname="test.ComparatorTest" name="testApiResponse" time="0.018"/>
  <testcase classname="test.ComparatorTest" name="testApiResponse" time="0.024"/>
  <testcase classname="test.ComparatorTest" name="testApiResponse" time="0.094"/>
  <testcase classname="test.ComparatorTest" name="testApiResponse" time="0.019"/>
  <testcase classname="test.ComparatorTest" name="testApiResponse" time="0.103"/>
  <testcase classname="test.ComparatorTest" name="testApiResponse" time="0.029"/>
  <testcase classname="test.ComparatorTest" name="testApiResponse" time="0"/>
  <testcase classname="test.ComparatorTest" name="testApiResponse" time="0.003"/>
  <testcase classname="test.ComparatorTest" name="testApiResponse" time="0.059"/>
  <testcase classname="test.ComparatorTest" name="testApiResponse" time="0.005"/>
  <testcase classname="test.ComparatorTest" name="testApiResponse" time="0.023"/>
  <testcase classname="test.ComparatorTest" name="testApiResponse" time="0.131"/>
  <testcase classname="test.ComparatorTest" name="testApiResponse" time="0.019"/>
  <testcase classname="test.ComparatorTest" name="testApiResponse" time="0.078"/>
  <testcase classname="test.ComparatorTest" name="testApiResponse" time="0.003"/>
  <testcase classname="test.ComparatorTest" name="testApiResponse" time="0.031"/>
  <testcase classname="test.ComparatorTest" name="testApiResponse" time="0.011"/>
  <testcase classname="test.ComparatorTest" name="testApiResponse" time="0.02"/>
  <testcase classname="test.ComparatorTest" name="testApiResponse" time="0.028"/>
  <testcase classname="test.ComparatorTest" name="testApiResponse" time="0.038"/>
  <testcase classname="test.ComparatorTest" name="testApiResponse" time="0.112"/>
  <testcase classname="test.ComparatorTest" name="testApiResponse" time="0.011"/>
  <testcase classname="test.ComparatorTest" name="testApiResponse" time="0.088"/>
  <testcase classname="test.ComparatorTest" name="testApiResponse" time="0.007"/>
  <testcase classname="test.ComparatorTest" name="testApiResponse" time="0.019"/>
  <testcase classname="test.ComparatorTest" name="testApiResponse" time="0.012"/>
  <testcase classname="test.ComparatorTest" name="testApiResponse" time="0.014"/>
  <testcase classname="test.ComparatorTest" name="testApiResponse" time="0.036"/>
  <testcase classname="test.ComparatorTest" name="testApiResponse" time="0.041"/>
  <testcase classname="test.ComparatorTest" name="testApiResponse" time="0.096"/>
  <testcase classname="test.ComparatorTest" name="testApiResponse" time="0.015"/>
  <testcase classname="test.ComparatorTest" name="testApiResponse" time="0.078"/>
  <testcase classname="test.ComparatorTest" name="testApiResponse" time="0.025"/>
  <testcase classname="test.ComparatorTest" name="testApiResponse" time="0.009"/>
  <testcase classname="test.ComparatorTest" name="testApiResponse" time="0.018"/>
  <testcase classname="test.ComparatorTest" name="testApiResponse" time="0.018"/>
  <testcase classname="test.ComparatorTest" name="testApiResponse" time="0.051"/>
  <testcase classname="test.ComparatorTest" name="testApiResponse" time="0.029"/>
  <testcase classname="test.ComparatorTest" name="testApiResponse" time="0.093"/>
  <testcase classname="test.ComparatorTest" name="testApiResponse" time="0.006"/>
  <testcase classname="test.ComparatorTest" name="testApiResponse" time="0.107"/>
  <testcase classname="test.ComparatorTest" name="testApiResponse" time="0.011"/>
  <testcase classname="test.ComparatorTest" name="testApiResponse" time="0.013"/>
  <testcase classname="test.ComparatorTest" name="testApiResponse" time="0.006"/>
  <testcase classname="test.ComparatorTest" name="testApiResponse" time="0.008"/>
  <testcase classname="test.ComparatorTest" name="testApiResponse" time="0.055"/>
  <testcase classname="test.ComparatorTest" name="testApiResponse" time="0.04"/>
  <testcase classname="test.ComparatorTest" name="testApiResponse" time="0.089"/>
  <testcase classname="test.ComparatorTest" name="testApiResponse" time="0.089"/>
  <testcase classname="test.ComparatorTest" name="testApiResponse" time="0.11"/>
  <testcase classname="test.ComparatorTest" name="testApiResponse" time="0.001"/>
  <testcase classname="test.ComparatorTest" name="testApiResponse" time="0.01"/>
  <testcase classname="test.ComparatorTest" name="testApiResponse" time="0.015"/>
  <testcase classname="test.ComparatorTest" name="testApiResponse" time="0.014"/>
  <testcase classname="test.ComparatorTest" name="testApiResponse" time="0.04"/>
  <testcase classname="test.ComparatorTest" name="testApiResponse" time="0.038"/>
  <testcase classname="test.ComparatorTest" name="testApiResponse" time="0.124"/>
  <testcase classname="test.ComparatorTest" name="testApiResponse" time="0.086"/>
  <testcase classname="test.ComparatorTest" name="testApiResponse" time="0.003"/>
  <testcase classname="test.ComparatorTest" name="testApiResponse" time="0.014"/>
  <testcase classname="test.ComparatorTest" name="testApiResponse" time="0.004"/>
  <testcase classname="test.ComparatorTest" name="testApiResponse" time="0.041"/>
  <testcase classname="test.ComparatorTest" name="testApiResponse" time="0.03"/>
  <testcase classname="test.ComparatorTest" name="testApiResponse" time="0.05"/>
  <testcase classname="test.ComparatorTest" name="testApiResponse" time="0.093"/>
  <testcase classname="test.ComparatorTest" name="testApiResponse" time="0.009"/>
  <testcase classname="test.ComparatorTest" name="testApiResponse" time="0.097"/>
  <testcase classname="test.ComparatorTest" name="testApiResponse" time="0.014"/>
  <testcase classname="test.ComparatorTest" name="testApiResponse" time="0.017"/>
  <testcase classname="test.ComparatorTest" name="testApiResponse" time="0.007"/>
  <testcase classname="test.ComparatorTest" name="testApiResponse" time="0.012"/>
  <testcase classname="test.ComparatorTest" name="testApiResponse" time="0.042"/>
  <testcase classname="test.ComparatorTest" name="testApiResponse" time="0.072"/>
  <testcase classname="test.ComparatorTest" name="testApiResponse" time="0.078"/>
  <testcase classname="test.ComparatorTest" name="testApiResponse" time="0.078"/>
  <testcase classname="test.ComparatorTest" name="testApiResponse" time="0.041"/>
  <testcase classname="test.ComparatorTest" name="testApiResponse" time="0.019"/>
  <testcase classname="test.ComparatorTest" name="testApiResponse" time="0.016"/>
  <testcase classname="test.ComparatorTest" name="testApiResponse" time="0.007"/>
  <testcase classname="test.ComparatorTest" name="testApiResponse" time="0.007"/>
  <testcase classname="test.ComparatorTest" name="testApiResponse" time="0.119"/>
  <testcase classname="test.ComparatorTest" name="testApiResponse" time="0.016"/>
  <testcase classname="test.ComparatorTest" name="testApiResponse" time="0.119"/>
  <testcase classname="test.ComparatorTest" name="testApiResponse" time="0.042"/>
  <testcase classname="test.ComparatorTest" name="testApiResponse" time="0.001"/>
  <testcase classname="test.ComparatorTest" name="testApiResponse" time="0.013"/>
  <testcase classname="test.ComparatorTest" name="testApiResponse" time="0.027"/>
  <testcase classname="test.ComparatorTest" name="testApiResponse" time="0.016"/>
  <testcase classname="test.ComparatorTest" name="testApiResponse" time="0.096"/>
  <testcase classname="test.ComparatorTest" name="testApiResponse" time="0.018"/>
  <testcase classname="test.ComparatorTest" name="testApiResponse" time="0.135"/>
  <testcase classname="test.ComparatorTest" name="testApiResponse" time="0.021"/>
  <testcase classname="test.ComparatorTest" name="testApiResponse" time="0.015"/>
  <testcase classname="test.ComparatorTest" name="testApiResponse" time="0.03"/>
  <testcase classname="test.ComparatorTest" name="testApiResponse" time="0.006"/>
  <testcase classname="test.ComparatorTest" name="testApiResponse" time="0.013"/>
  <testcase classname="test.ComparatorTest" name="testApiResponse" time="0.094"/>
  <testcase classname="test.ComparatorTest" name="testApiResponse" time="0.073"/>
  <testcase classname="test.ComparatorTest" name="testApiResponse" time="0.077"/>
  <testcase classname="test.ComparatorTest" name="testApiResponse" time="0.047"/>
  <testcase classname="test.ComparatorTest" name="testApiResponse" time="0.001"/>
  <testcase classname="test.ComparatorTest" name="testApiResponse" time="0.017"/>
  <testcase classname="test.ComparatorTest" name="testApiResponse" time="0.011"/>
  <testcase classname="test.ComparatorTest" name="testApiResponse" time="0.022"/>
  <testcase classname="test.ComparatorTest" name="testApiResponse" time="0.073"/>
  <testcase classname="test.ComparatorTest" name="testApiResponse" time="0.106"/>
  <testcase classname="test.ComparatorTest" name="testApiResponse" time="0.048"/>
  <testcase classname="test.ComparatorTest" name="testApiResponse" time="0.054"/>
  <testcase classname="test.ComparatorTest" name="testApiResponse" time="0.015"/>
  <testcase classname="test.ComparatorTest" name="testApiResponse" time="0.014"/>
  <testcase classname="test.ComparatorTest" name="testApiResponse" time="0.009"/>
  <testcase classname="test.ComparatorTest" name="testApiResponse" time="0.018"/>
  <testcase classname="test.ComparatorTest" name="testApiResponse" time="0.087"/>
  <testcase classname="test.ComparatorTest" name="testApiResponse" time="0.096"/>
  <testcase classname="test.ComparatorTest" name="testApiResponse" time="0.059"/>
  <testcase classname="test.ComparatorTest" name="testApiResponse" time="0.053"/>
  <testcase classname="test.ComparatorTest" name="testApiResponse" time="0.004"/>
  <testcase classname="test.ComparatorTest" name="testApiResponse" time="0.003"/>
  <testcase classname="test.ComparatorTest" name="testApiResponse" time="0.028"/>
  <testcase classname="test.ComparatorTest" name="testApiResponse" time="0.018"/>
  <testcase classname="test.ComparatorTest" name="testApiResponse" time="0.067"/>
  <testcase classname="test.ComparatorTest" name="testApiResponse" time="0.123"/>
  <testcase classname="test.ComparatorTest" name="testApiResponse" time="0.031"/>
  <testcase classname="test.ComparatorTest" name="testApiResponse" time="0.048"/>
  <testcase classname="test.ComparatorTest" name="testApiResponse" time="0.014"/>
  <testcase classname="test.ComparatorTest" name="testApiResponse" time="0.017"/>
  <testcase classname="test.ComparatorTest" name="testApiResponse" time="0.015"/>
  <testcase classname="test.ComparatorTest" name="testApiResponse" time="0.026"/>
  <testcase classname="test.ComparatorTest" name="testApiResponse" time="0.087"/>
  <testcase classname="test.ComparatorTest" name="testApiResponse" time="0.103"/>
  <testcase classname="test.ComparatorTest" name="testApiResponse" time="0.022"/>
  <testcase classname="test.ComparatorTest" name="testApiResponse" time="0.051"/>
  <testcase classname="test.ComparatorTest" name="testApiResponse" time="0.018"/>
  <testcase classname="test.ComparatorTest" name="testApiResponse" time="0.013"/>
  <testcase classname="test.ComparatorTest" name="testApiResponse" time="0.011"/>
  <testcase classname="test.ComparatorTest" name="testApiResponse" time="0.04"/>
  <testcase classname="test.ComparatorTest" name="testApiResponse" time="0.079"/>
  <testcase classname="test.ComparatorTest" name="testApiResponse" time="0.095"/>
  <testcase classname="test.ComparatorTest" name="testApiResponse" time="0.047"/>
  <testcase classname="test.ComparatorTest" name="testApiResponse" time="0.031"/>
  <testcase classname="test.ComparatorTest" name="testApiResponse" time="0.035"/>
  <testcase classname="test.ComparatorTest" name="testApiResponse" time="0.02"/>
  <testcase classname="test.ComparatorTest" name="testApiResponse" time="0.005"/>
  <testcase classname="test.ComparatorTest" name="testApiResponse" time="0.012"/>
  <testcase classname="test.ComparatorTest" name="testApiResponse" time="0.078"/>
  <testcase classname="test.ComparatorTest" name="testApiResponse" time="0.094"/>
  <testcase classname="test.ComparatorTest" name="testApiResponse" time="0.033"/>
  <testcase classname="test.ComparatorTest" name="testApiResponse" time="0.087"/>
  <testcase classname="test.ComparatorTest" name="testApiResponse" time="0.002"/>
  <testcase classname="test.ComparatorTest" name="testApiResponse" time="0.005"/>
  <testcase classname="test.ComparatorTest" name="testApiResponse" time="0.013"/>
  <testcase classname="test.ComparatorTest" name="testApiResponse" time="0.021"/>
  <testcase classname="test.ComparatorTest" name="testApiResponse" time="0.119"/>
  <testcase classname="test.ComparatorTest" name="testApiResponse" time="0.08"/>
  <testcase classname="test.ComparatorTest" name="testApiResponse" time="0.011"/>
  <testcase classname="test.ComparatorTest" name="testApiResponse" time="0.061"/>
  <testcase classname="test.ComparatorTest" name="testApiResponse" time="0.018"/>
  <testcase classname="test.ComparatorTest" name="testApiResponse" time="0.011"/>
  <testcase classname="test.ComparatorTest" name="testApiResponse" time="0.022"/>
  <testcase classname="test.ComparatorTest" name="testApiResponse" time="0.016"/>
  <testcase classname="test.ComparatorTest" name="testApiResponse" time="0.1"/>
  <testcase classname="test.ComparatorTest" name="testApiResponse" time="0.131"/>
  <testcase classname="test.ComparatorTest" name="testApiResponse" time="0.023"/>
  <testcase classname="test.ComparatorTest" name="testApiResponse" time="0.018"/>
  <testcase classname="test.ComparatorTest" name="testApiResponse" time="0.012"/>
  <testcase classname="test.ComparatorTest" name="testApiResponse" time="0.035"/>
  <testcase classname="test.ComparatorTest" name="testApiResponse" time="0.004"/>
  <testcase classname="test.ComparatorTest" name="testApiResponse" time="0.004"/>
  <testcase classname="test.ComparatorTest" name="testApiResponse" time="0.106"/>
  <testcase classname="test.ComparatorTest" name="testApiResponse" time="0.157"/>
  <testcase classname="test.ComparatorTest" name="testApiResponse" time="0.006"/>
  <testcase classname="test.ComparatorTest" name="testApiResponse" time="0.032"/>
  <testcase classname="test.ComparatorTest" name="testApiResponse" time="0.003"/>
  <testcase classname="test.ComparatorTest" name="testApiResponse" time="0.001"/>
  <testcase classname="test.ComparatorTest" name="testApiResponse" time="0.011"/>
  <testcase classname="test.ComparatorTest" name="testApiResponse" time="0.037"/>
  <testcase classname="test.ComparatorTest" name="testApiResponse" time="0.053"/>
  <testcase classname="test.ComparatorTest" name="testApiResponse" time="0.169"/>
  <testcase classname="test.ComparatorTest" name="testApiResponse" time="0.029"/>
  <testcase classname="test.ComparatorTest" name="testApiResponse" time="0.021"/>
  <testcase classname="test.ComparatorTest" name="testApiResponse" time="0.007"/>
  <testcase classname="test.ComparatorTest" name="testApiResponse" time="0.01"/>
  <testcase classname="test.ComparatorTest" name="testApiResponse" time="0.013"/>
  <testcase classname="test.ComparatorTest" name="testApiResponse" time="0.009"/>
  <testcase classname="test.ComparatorTest" name="testApiResponse" time="0.072"/>
  <testcase classname="test.ComparatorTest" name="testApiResponse" time="0.165"/>
  <testcase classname="test.ComparatorTest" name="testApiResponse" time="0.039"/>
  <testcase classname="test.ComparatorTest" name="testApiResponse" time="0.004"/>
  <testcase classname="test.ComparatorTest" name="testApiResponse" time="0.011"/>
  <testcase classname="test.ComparatorTest" name="testApiResponse" time="0.015"/>
  <testcase classname="test.ComparatorTest" name="testApiResponse" time="0"/>
  <testcase classname="test.ComparatorTest" name="testApiResponse" time="0.021"/>
  <testcase classname="test.ComparatorTest" name="testApiResponse" time="0.055"/>
  <testcase classname="test.ComparatorTest" name="testApiResponse" time="0.174"/>
  <testcase classname="test.ComparatorTest" name="testApiResponse" time="0.045"/>
  <testcase classname="test.ComparatorTest" name="testApiResponse" time="0.004"/>
  <testcase classname="test.ComparatorTest" name="testApiResponse" time="0.01"/>
  <testcase classname="test.ComparatorTest" name="testApiResponse" time="0.016"/>
  <testcase classname="test.ComparatorTest" name="testApiResponse" time="0.016"/>
  <testcase classname="test.ComparatorTest" name="testApiResponse" time="0.016"/>
  <testcase classname="test.ComparatorTest" name="testApiResponse" time="0.078"/>
  <testcase classname="test.ComparatorTest" name="testApiResponse" time="0.14"/>
  <testcase classname="test.ComparatorTest" name="testApiResponse" time="0.023"/>
  <testcase classname="test.ComparatorTest" name="testApiResponse" time="0.02"/>
  <testcase classname="test.ComparatorTest" name="testApiResponse" time="0.045"/>
  <testcase classname="test.ComparatorTest" name="testApiResponse" time="0.004"/>
  <testcase classname="test.ComparatorTest" name="testApiResponse" time="0.016"/>
  <testcase classname="test.ComparatorTest" name="testApiResponse" time="0.011"/>
  <testcase classname="test.ComparatorTest" name="testApiResponse" time="0.086"/>
  <testcase classname="test.ComparatorTest" name="testApiResponse" time="0.138"/>
  <testcase classname="test.ComparatorTest" name="testApiResponse" time="0.001"/>
  <testcase classname="test.ComparatorTest" name="testApiResponse" time="0.012"/>
  <testcase classname="test.ComparatorTest" name="testApiResponse" time="0.072"/>
  <testcase classname="test.ComparatorTest" name="testApiResponse" time="0.006"/>
  <testcase classname="test.ComparatorTest" name="testApiResponse" time="0.028"/>
  <testcase classname="test.ComparatorTest" name="testApiResponse" time="0.017"/>
  <testcase classname="test.ComparatorTest" name="testApiResponse" time="0.073"/>
  <testcase classname="test.ComparatorTest" name="testApiResponse" time="0.116"/>
  <testcase classname="test.ComparatorTest" name="testApiResponse" time="0.01"/>
  <testcase classname="test.ComparatorTest" name="testApiResponse" time="0.002"/>
  <testcase classname="test.ComparatorTest" name="testApiResponse" time="0.076"/>
  <testcase classname="test.ComparatorTest" name="testApiResponse" time="0.03"/>
  <testcase classname="test.ComparatorTest" name="testApiResponse" time="0.019"/>
  <testcase classname="test.ComparatorTest" name="testApiResponse" time="0.011"/>
  <testcase classname="test.ComparatorTest" name="testApiResponse" time="0.08"/>
  <testcase classname="test.ComparatorTest" name="testApiResponse" time="0.082"/>
  <testcase classname="test.ComparatorTest" name="testApiResponse" time="0.02"/>
  <testcase classname="test.ComparatorTest" name="testApiResponse" time="0.018"/>
  <testcase classname="test.ComparatorTest" name="testApiResponse" time="0.081"/>
  <testcase classname="test.ComparatorTest" name="testApiResponse" time="0.014"/>
  <testcase classname="test.ComparatorTest" name="testApiResponse" time="0.022"/>
  <testcase classname="test.ComparatorTest" name="testApiResponse" time="0.023"/>
  <testcase classname="test.ComparatorTest" name="testApiResponse" time="0.079"/>
  <testcase classname="test.ComparatorTest" name="testApiResponse" time="0.05"/>
  <testcase classname="test.ComparatorTest" name="testApiResponse" time="0.025"/>
  <testcase classname="test.ComparatorTest" name="testApiResponse" time="0.038"/>
  <testcase classname="test.ComparatorTest" name="testApiResponse" time="0.069"/>
  <testcase classname="test.ComparatorTest" name="testApiResponse" time="0.021"/>
  <testcase classname="test.ComparatorTest" name="testApiResponse" time="0.032"/>
  <testcase classname="test.ComparatorTest" name="testApiResponse" time="0.028"/>
  <testcase classname="test.ComparatorTest" name="testApiResponse" time="0.063"/>
  <testcase classname="test.ComparatorTest" name="testApiResponse" time="0.067"/>
  <testcase classname="test.ComparatorTest" name="testApiResponse" time="0.017"/>
  <testcase classname="test.ComparatorTest" name="testApiResponse" time="0.035"/>
  <testcase classname="test.ComparatorTest" name="testApiResponse" time="0.071"/>
  <testcase classname="test.ComparatorTest" name="testApiResponse" time="0.015"/>
  <testcase classname="test.ComparatorTest" name="testApiResponse" time="0.032"/>
  <testcase classname="test.ComparatorTest" name="testApiResponse" time="0.047"/>
  <testcase classname="test.ComparatorTest" name="testApiResponse" time="0.05"/>
  <testcase classname="test.ComparatorTest" name="testApiResponse" time="0.061"/>
  <testcase classname="test.ComparatorTest" name="testApiResponse" time="0.029"/>
  <testcase classname="test.ComparatorTest" name="testApiResponse" time="0.035"/>
  <testcase classname="test.ComparatorTest" name="testApiResponse" time="0.074"/>
  <testcase classname="test.ComparatorTest" name="testApiResponse" time="0.015"/>
  <testcase classname="test.ComparatorTest" name="testApiResponse" time="0.029"/>
  <testcase classname="test.ComparatorTest" name="testApiResponse" time="0.037"/>
  <testcase classname="test.ComparatorTest" name="testApiResponse" time="0.029"/>
  <testcase classname="test.ComparatorTest" name="testApiResponse" time="0.09"/>
  <testcase classname="test.ComparatorTest" name="testApiResponse" time="0.031"/>
  <testcase classname="test.ComparatorTest" name="testApiResponse" time="0.03"/>
  <testcase classname="test.ComparatorTest" name="testApiResponse" time="0.066"/>
  <testcase classname="test.ComparatorTest" name="testApiResponse" time="0.013"/>
  <testcase classname="test.ComparatorTest" name="testApiResponse" time="0.011"/>
  <testcase classname="test.ComparatorTest" name="testApiResponse" time="0.068"/>
  <testcase classname="test.ComparatorTest" name="testApiResponse" time="0.024"/>
  <testcase classname="test.ComparatorTest" name="testApiResponse" time="0.07"/>
  <testcase classname="test.ComparatorTest" name="testApiResponse" time="0.057"/>
  <testcase classname="test.ComparatorTest" name="testApiResponse" time="0.025"/>
  <testcase classname="test.ComparatorTest" name="testApiResponse" time="0.065"/>
  <testcase classname="test.ComparatorTest" name="testApiResponse" time="0.009"/>
  <testcase classname="test.ComparatorTest" name="testApiResponse" time="0.041"/>
  <testcase classname="test.ComparatorTest" name="testApiResponse" time="0.053"/>
  <testcase classname="test.ComparatorTest" name="testApiResponse" time="0.027"/>
  <testcase classname="test.ComparatorTest" name="testApiResponse" time="0.044"/>
  <testcase classname="test.ComparatorTest" name="testApiResponse" time="0.085"/>
  <testcase classname="test.ComparatorTest" name="testApiResponse" time="0.006"/>
  <testcase classname="test.ComparatorTest" name="testApiResponse" time="0.061"/>
  <testcase classname="test.ComparatorTest" name="testApiResponse" time="0.009"/>
  <testcase classname="test.ComparatorTest" name="testApiResponse" time="0.055"/>
  <testcase classname="test.ComparatorTest" name="testApiResponse" time="0.028"/>
  <testcase classname="test.ComparatorTest" name="testApiResponse" time="0.089"/>
  <testcase classname="test.ComparatorTest" name="testApiResponse" time="0.022"/>
  <testcase classname="test.ComparatorTest" name="testApiResponse" time="0.042"/>
  <testcase classname="test.ComparatorTest" name="testApiResponse" time="0.052"/>
  <testcase classname="test.ComparatorTest" name="testApiResponse" time="0.026"/>
  <testcase classname="test.ComparatorTest" name="testApiResponse" time="0.021"/>
  <testcase classname="test.ComparatorTest" name="testApiResponse" time="0.048"/>
  <testcase classname="test.ComparatorTest" name="testApiResponse" time="0.02"/>
  <testcase classname="test.ComparatorTest" name="testApiResponse" time="0.121"/>
  <testcase classname="test.ComparatorTest" name="testApiResponse" time="0.014"/>
  <testcase classname="test.ComparatorTest" name="testApiResponse" time="0.015"/>
  <testcase classname="test.ComparatorTest" name="testApiResponse" time="0.06"/>
  <testcase classname="test.ComparatorTest" name="testApiResponse" time="0.03"/>
  <testcase classname="test.ComparatorTest" name="testApiResponse" time="0.017"/>
  <testcase classname="test.ComparatorTest" name="testApiResponse" time="0.034"/>
  <testcase classname="test.ComparatorTest" name="testApiResponse" time="0.038"/>
  <testcase classname="test.ComparatorTest" name="testApiResponse" time="0.115"/>
  <testcase classname="test.ComparatorTest" name="testApiResponse" time="0.016"/>
  <testcase classname="test.ComparatorTest" name="testApiResponse" time="0.021"/>
  <testcase classname="test.ComparatorTest" name="testApiResponse" time="0.064"/>
  <testcase classname="test.ComparatorTest" name="testApiResponse" time="0.027"/>
  <testcase classname="test.ComparatorTest" name="testApiResponse" time="0.018"/>
  <testcase classname="test.ComparatorTest" name="testApiResponse" time="0.002"/>
  <testcase classname="test.ComparatorTest" name="testApiResponse" time="0.131"/>
  <testcase classname="test.ComparatorTest" name="testApiResponse" time="0.054"/>
  <testcase classname="test.ComparatorTest" name="testApiResponse" time="0.013"/>
  <testcase classname="test.ComparatorTest" name="testApiResponse" time="0.019"/>
  <testcase classname="test.ComparatorTest" name="testApiResponse" time="0.049"/>
  <testcase classname="test.ComparatorTest" name="testApiResponse" time="0.041"/>
  <testcase classname="test.ComparatorTest" name="testApiResponse" time="0.02"/>
  <testcase classname="test.ComparatorTest" name="testApiResponse" time="0.018"/>
  <testcase classname="test.ComparatorTest" name="testApiResponse" time="0.103"/>
  <testcase classname="test.ComparatorTest" name="testApiResponse" time="0.069"/>
  <testcase classname="test.ComparatorTest" name="testApiResponse" time="0.021"/>
  <testcase classname="test.ComparatorTest" name="testApiResponse" time="0.022"/>
  <testcase classname="test.ComparatorTest" name="testApiResponse" time="0.045"/>
  <testcase classname="test.ComparatorTest" name="testApiResponse" time="0.007"/>
  <testcase classname="test.ComparatorTest" name="testApiResponse" time="0.041"/>
  <testcase classname="test.ComparatorTest" name="testApiResponse" time="0.008"/>
  <testcase classname="test.ComparatorTest" name="testApiResponse" time="0.022"/>
  <testcase classname="test.ComparatorTest" name="testApiResponse" time="0.104"/>
  <testcase classname="test.ComparatorTest" name="testApiResponse" time="0.073"/>
  <testcase classname="test.ComparatorTest" name="testApiResponse" time="0.052"/>
  <testcase classname="test.ComparatorTest" name="testApiResponse" time="0.004"/>
  <testcase classname="test.ComparatorTest" name="testApiResponse" time="0.033"/>
  <testcase classname="test.ComparatorTest" name="testApiResponse" time="0.04"/>
  <testcase classname="test.ComparatorTest" name="testApiResponse" time="0.013"/>
  <testcase classname="test.ComparatorTest" name="testApiResponse" time="0.03"/>
  <testcase classname="test.ComparatorTest" name="testApiResponse" time="0.091"/>
  <testcase classname="test.ComparatorTest" name="testApiResponse" time="0.036"/>
  <testcase classname="test.ComparatorTest" name="testApiResponse" time="0.073"/>
  <testcase classname="test.ComparatorTest" name="testApiResponse" time="0.016"/>
  <testcase classname="test.ComparatorTest" name="testApiResponse" time="0.026"/>
  <testcase classname="test.ComparatorTest" name="testApiResponse" time="0.038"/>
  <testcase classname="test.ComparatorTest" name="testApiResponse" time="0.014"/>
  <testcase classname="test.ComparatorTest" name="testApiResponse" time="0.056"/>
  <testcase classname="test.ComparatorTest" name="testApiResponse" time="0.077"/>
  <testcase classname="test.ComparatorTest" name="testApiResponse" time="0.039"/>
  <testcase classname="test.ComparatorTest" name="testApiResponse" time="0.065"/>
  <testcase classname="test.ComparatorTest" name="testApiResponse" time="0.025"/>
  <testcase classname="test.ComparatorTest" name="testApiResponse" time="0.02"/>
  <testcase classname="test.ComparatorTest" name="testApiResponse" time="0.041"/>
  <testcase classname="test.ComparatorTest" name="testApiResponse" time="0.01"/>
  <testcase classname="test.ComparatorTest" name="testApiResponse" time="0.04"/>
  <testcase classname="test.ComparatorTest" name="testApiResponse" time="0.1"/>
  <testcase classname="test.ComparatorTest" name="testApiResponse" time="0.047"/>
  <testcase classname="test.ComparatorTest" name="testApiResponse" time="0.06"/>
  <testcase classname="test.ComparatorTest" name="testApiResponse" time="0.032"/>
  <testcase classname="test.ComparatorTest" name="testApiResponse" time="0.019"/>
  <testcase classname="test.ComparatorTest" name="testApiResponse" time="0.022"/>
  <testcase classname="test.ComparatorTest" name="testApiResponse" time="0.014"/>
  <testcase classname="test.ComparatorTest" name="testApiResponse" time="0.037"/>
  <testcase classname="test.ComparatorTest" name="testApiResponse" time="0.108"/>
  <testcase classname="test.ComparatorTest" name="testApiResponse" time="0.054"/>
  <testcase classname="test.ComparatorTest" name="testApiResponse" time="0.051"/>
  <testcase classname="test.ComparatorTest" name="testApiResponse" time="0.032"/>
  <testcase classname="test.ComparatorTest" name="testApiResponse" time="0.006"/>
  <testcase classname="test.ComparatorTest" name="testApiResponse" time="0.046"/>
  <testcase classname="test.ComparatorTest" name="testApiResponse" time="0.006"/>
  <testcase classname="test.ComparatorTest" name="testApiResponse" time="0.038"/>
  <testcase classname="test.ComparatorTest" name="testApiResponse" time="0.091"/>
  <testcase classname="test.ComparatorTest" name="testApiResponse" time="0.047"/>
  <testcase classname="test.ComparatorTest" name="testApiResponse" time="0.072"/>
  <testcase classname="test.ComparatorTest" name="testApiResponse" time="0.02"/>
  <testcase classname="test.ComparatorTest" name="testApiResponse" time="0.015"/>
  <testcase classname="test.ComparatorTest" name="testApiResponse" time="0.052"/>
  <testcase classname="test.ComparatorTest" name="testApiResponse" time="0.004"/>
  <testcase classname="test.ComparatorTest" name="testApiResponse" time="0.015"/>
  <testcase classname="test.ComparatorTest" name="testApiResponse" time="0.123"/>
  <testcase classname="test.ComparatorTest" name="testApiResponse" time="0.009"/>
  <testcase classname="test.ComparatorTest" name="testApiResponse" time="0.085"/>
  <testcase classname="test.ComparatorTest" name="testApiResponse" time="0.03"/>
  <testcase classname="test.ComparatorTest" name="testApiResponse" time="0.013"/>
  <testcase classname="test.ComparatorTest" name="testApiResponse" time="0.042"/>
  <testcase classname="test.ComparatorTest" name="testApiResponse" time="0.036"/>
  <testcase classname="test.ComparatorTest" name="testApiResponse" time="0.013"/>
  <testcase classname="test.ComparatorTest" name="testApiResponse" time="0.099"/>
  <testcase classname="test.ComparatorTest" name="testApiResponse" time="0.01"/>
  <testcase classname="test.ComparatorTest" name="testApiResponse" time="0.079"/>
  <testcase classname="test.ComparatorTest" name="testApiResponse" time="0.011"/>
  <testcase classname="test.ComparatorTest" name="testApiResponse" time="0.035"/>
  <testcase classname="test.ComparatorTest" name="testApiResponse" time="0.07"/>
  <testcase classname="test.ComparatorTest" name="testApiResponse" time="0.015"/>
  <testcase classname="test.ComparatorTest" name="testApiResponse" time="0.026"/>
  <testcase classname="test.ComparatorTest" name="testApiResponse" time="0.09"/>
  <testcase classname="test.ComparatorTest" name="testApiResponse" time="0.002"/>
  <testcase classname="test.ComparatorTest" name="testApiResponse" time="0.064"/>
  <testcase classname="test.ComparatorTest" name="testApiResponse" time="0.025"/>
  <testcase classname="test.ComparatorTest" name="testApiResponse" time="0.043"/>
  <testcase classname="test.ComparatorTest" name="testApiResponse" time="0.074"/>
  <testcase classname="test.ComparatorTest" name="testApiResponse" time="0.005"/>
  <testcase classname="test.ComparatorTest" name="testApiResponse" time="0.036"/>
  <testcase classname="test.ComparatorTest" name="testApiResponse" time="0.055"/>
  <testcase classname="test.ComparatorTest" name="testApiResponse" time="0.05"/>
  <testcase classname="test.ComparatorTest" name="testApiResponse" time="0.04"/>
  <testcase classname="test.ComparatorTest" name="testApiResponse" time="0.04"/>
  <testcase classname="test.ComparatorTest" name="testApiResponse" time="0.026"/>
  <testcase classname="test.ComparatorTest" name="testApiResponse" time="0.067"/>
  <testcase classname="test.ComparatorTest" name="testApiResponse" time="0.023"/>
  <testcase classname="test.ComparatorTest" name="testApiResponse" time="0.033"/>
  <testcase classname="test.ComparatorTest" name="testApiResponse" time="0.056"/>
  <testcase classname="test.ComparatorTest" name="testApiResponse" time="0.033"/>
  <testcase classname="test.ComparatorTest" name="testApiResponse" time="0.058"/>
  <testcase classname="test.ComparatorTest" name="testApiResponse" time="0.035"/>
  <testcase classname="test.ComparatorTest" name="testApiResponse" time="0.017"/>
  <testcase classname="test.ComparatorTest" name="testApiResponse" time="0.091"/>
  <testcase classname="test.ComparatorTest" name="testApiResponse" time="0.007"/>
  <testcase classname="test.ComparatorTest" name="testApiResponse" time="0.03"/>
  <testcase classname="test.ComparatorTest" name="testApiResponse" time="0.042"/>
  <testcase classname="test.ComparatorTest" name="testApiResponse" time="0.014"/>
  <testcase classname="test.ComparatorTest" name="testApiResponse" time="0.088"/>
  <testcase classname="test.ComparatorTest" name="testApiResponse" time="0.036"/>
  <testcase classname="test.ComparatorTest" name="testApiResponse" time="0.012"/>
  <testcase classname="test.ComparatorTest" name="testApiResponse" time="0.098"/>
  <testcase classname="test.ComparatorTest" name="testApiResponse" time="0.001"/>
  <testcase classname="test.ComparatorTest" name="testApiResponse" time="0.04"/>
  <testcase classname="test.ComparatorTest" name="testApiResponse" time="0.041"/>
  <testcase classname="test.ComparatorTest" name="testApiResponse" time="0.02"/>
  <testcase classname="test.ComparatorTest" name="testApiResponse" time="0.086"/>
  <testcase classname="test.ComparatorTest" name="testApiResponse" time="0.006"/>
  <testcase classname="test.ComparatorTest" name="testApiResponse" time="0.042"/>
  <testcase classname="test.ComparatorTest" name="testApiResponse" time="0.066"/>
  <testcase classname="test.ComparatorTest" name="testApiResponse" time="0.066"/>
  <testcase classname="test.ComparatorTest" name="testApiResponse" time="0.09"/>
  <testcase classname="test.ComparatorTest" name="testApiResponse" time="0.012"/>
  <testcase classname="test.ComparatorTest" name="testApiResponse" time="0.033"/>
  <testcase classname="test.ComparatorTest" name="testApiResponse" time="0.074"/>
  <testcase classname="test.ComparatorTest" name="testApiResponse" time="0.015"/>
  <testcase classname="test.ComparatorTest" name="testApiResponse" time="0.023"/>
  <testcase classname="test.ComparatorTest" name="testApiResponse" time="0.092"/>
  <testcase classname="test.ComparatorTest" name="testApiResponse" time="0.012"/>
  <testcase classname="test.ComparatorTest" name="testApiResponse" time="0.068"/>
  <testcase classname="test.ComparatorTest" name="testApiResponse" time="0.011"/>
  <testcase classname="test.ComparatorTest" name="testApiResponse" time="0.04"/>
  <testcase classname="test.ComparatorTest" name="testApiResponse" time="0.079"/>
  <testcase classname="test.ComparatorTest" name="testApiResponse" time="0.014"/>
  <testcase classname="test.ComparatorTest" name="testApiResponse" time="0.026"/>
  <testcase classname="test.ComparatorTest" name="testApiResponse" time="0.088"/>
  <testcase classname="test.ComparatorTest" name="testApiResponse" time="0.012"/>
  <testcase classname="test.ComparatorTest" name="testApiResponse" time="0.033"/>
  <testcase classname="test.ComparatorTest" name="testApiResponse" time="0.058"/>
  <testcase classname="test.ComparatorTest" name="testApiResponse" time="0.029"/>
  <testcase classname="test.ComparatorTest" name="testApiResponse" time="0.055"/>
  <testcase classname="test.ComparatorTest" name="testApiResponse" time="0.02"/>
  <testcase classname="test.ComparatorTest" name="testApiResponse" time="0.013"/>
  <testcase classname="test.ComparatorTest" name="testApiResponse" time="0.118"/>
  <testcase classname="test.ComparatorTest" name="testApiResponse" time="0.014"/>
  <testcase classname="test.ComparatorTest" name="testApiResponse" time="0.005"/>
  <testcase classname="test.ComparatorTest" name="testApiResponse" time="0.077"/>
  <testcase classname="test.ComparatorTest" name="testApiResponse" time="0.046"/>
  <testcase classname="test.ComparatorTest" name="testApiResponse" time="0.019"/>
  <testcase classname="test.ComparatorTest" name="testApiResponse" time="0.052"/>
  <testcase classname="test.ComparatorTest" name="testApiResponse" time="0.019"/>
  <testcase classname="test.ComparatorTest" name="testApiResponse" time="0.075"/>
  <testcase classname="test.ComparatorTest" name="testApiResponse" time="0.028"/>
  <testcase classname="test.ComparatorTest" name="testApiResponse" time="0.017"/>
  <testcase classname="test.ComparatorTest" name="testApiResponse" time="0.127"/>
  <testcase classname="test.ComparatorTest" name="testApiResponse" time="0.002"/>
  <testcase classname="test.ComparatorTest" name="testApiResponse" time="0.018"/>
  <testcase classname="test.ComparatorTest" name="testApiResponse" time="0.043"/>
  <testcase classname="test.ComparatorTest" name="testApiResponse" time="0.02"/>
  <testcase classname="test.ComparatorTest" name="testApiResponse" time="0.073"/>
  <testcase classname="test.ComparatorTest" name="testApiResponse" time="0.056"/>
  <testcase classname="test.ComparatorTest" name="testApiResponse" time="0.003"/>
  <testcase classname="test.ComparatorTest" name="testApiResponse" time="0.1"/>
  <testcase classname="test.ComparatorTest" name="testApiResponse" time="0.038"/>
  <testcase classname="test.ComparatorTest" name="testApiResponse" time="0.004"/>
  <testcase classname="test.ComparatorTest" name="testApiResponse" time="0.038"/>
  <testcase classname="test.ComparatorTest" name="testApiResponse" time="0.003"/>
  <testcase classname="test.ComparatorTest" name="testApiResponse" time="0.085"/>
  <testcase classname="test.ComparatorTest" name="testApiResponse" time="0.05"/>
  <testcase classname="test.ComparatorTest" name="testApiResponse" time="0.02"/>
  <testcase classname="test.ComparatorTest" name="testApiResponse" time="0.108"/>
  <testcase classname="test.ComparatorTest" name="testApiResponse" time="0.012"/>
  <testcase classname="test.ComparatorTest" name="testApiResponse" time="0.001"/>
  <testcase classname="test.ComparatorTest" name="testApiResponse" time="0.05"/>
  <testcase classname="test.ComparatorTest" name="testApiResponse" time="0.01"/>
  <testcase classname="test.ComparatorTest" name="testApiResponse" time="0.072"/>
  <testcase classname="test.ComparatorTest" name="testApiResponse" time="0.067"/>
  <testcase classname="test.ComparatorTest" name="testApiResponse" time="0.004"/>
  <testcase classname="test.ComparatorTest" name="testApiResponse" time="0.106"/>
  <testcase classname="test.ComparatorTest" name="testApiResponse" time="0.016"/>
  <testcase classname="test.ComparatorTest" name="testApiResponse" time="0.035"/>
  <testcase classname="test.ComparatorTest" name="testApiResponse" time="0.02"/>
  <testcase classname="test.ComparatorTest" name="testApiResponse" time="0.039"/>
  <testcase classname="test.ComparatorTest" name="testApiResponse" time="0.047"/>
  <testcase classname="test.ComparatorTest" name="testApiResponse" time="0.047"/>
  <testcase classname="test.ComparatorTest" name="testApiResponse" time="0.025"/>
  <testcase classname="test.ComparatorTest" name="testApiResponse" time="0.118"/>
  <testcase classname="test.ComparatorTest" name="testApiResponse" time="0.015"/>
  <testcase classname="test.ComparatorTest" name="testApiResponse" time="0.004"/>
  <testcase classname="test.ComparatorTest" name="testApiResponse" time="0.017"/>
  <testcase classname="test.ComparatorTest" name="testApiResponse" time="0.058"/>
  <testcase classname="test.ComparatorTest" name="testApiResponse" time="0.048"/>
  <testcase classname="test.ComparatorTest" name="testApiResponse" time="0.041"/>
  <testcase classname="test.ComparatorTest" name="testApiResponse" time="0.048"/>
  <testcase classname="test.ComparatorTest" name="testApiResponse" time="0.11"/>
  <testcase classname="test.ComparatorTest" name="testApiResponse" time="0.009"/>
  <testcase classname="test.ComparatorTest" name="testApiResponse" time="0.037"/>
  <testcase classname="test.ComparatorTest" name="testApiResponse" time="0.014"/>
  <testcase classname="test.ComparatorTest" name="testApiResponse" time="0.02"/>
  <testcase classname="test.ComparatorTest" name="testApiResponse" time="0.054"/>
  <testcase classname="test.ComparatorTest" name="testApiResponse" time="0.052"/>
  <testcase classname="test.ComparatorTest" name="testApiResponse" time="0.013"/>
  <testcase classname="test.ComparatorTest" name="testApiResponse" time="0.132"/>
  <testcase classname="test.ComparatorTest" name="testApiResponse" time="0.018"/>
  <testcase classname="test.ComparatorTest" name="testApiResponse" time="0.03"/>
  <testcase classname="test.ComparatorTest" name="testApiResponse" time="0.004"/>
  <testcase classname="test.ComparatorTest" name="testApiResponse" time="0.041"/>
  <testcase classname="test.ComparatorTest" name="testApiResponse" time="0.043"/>
  <testcase classname="test.ComparatorTest" name="testApiResponse" time="0.034"/>
  <testcase classname="test.ComparatorTest" name="testApiResponse" time="0.016"/>
  <testcase classname="test.ComparatorTest" name="testApiResponse" time="0.131"/>
  <testcase classname="test.ComparatorTest" name="testApiResponse" time="0.027"/>
  <testcase classname="test.ComparatorTest" name="testApiResponse" time="0.011"/>
  <testcase classname="test.ComparatorTest" name="testApiResponse" time="0.036"/>
  <testcase classname="test.ComparatorTest" name="testApiResponse" time="0.01"/>
  <testcase classname="test.ComparatorTest" name="testApiResponse" time="0.062"/>
  <testcase classname="test.ComparatorTest" name="testApiResponse" time="0.001"/>
  <testcase classname="test.ComparatorTest" name="testApiResponse" time="0.035"/>
  <testcase classname="test.ComparatorTest" name="testApiResponse" time="0.115"/>
  <testcase classname="test.ComparatorTest" name="testApiResponse" time="0.027"/>
  <testcase classname="test.ComparatorTest" name="testApiResponse" time="0.027"/>
  <testcase classname="test.ComparatorTest" name="testApiResponse" time="0.022"/>
  <testcase classname="test.ComparatorTest" name="testApiResponse" time="0.019"/>
  <testcase classname="test.ComparatorTest" name="testApiResponse" time="0.051"/>
  <testcase classname="test.ComparatorTest" name="testApiResponse" time="0.033"/>
  <testcase classname="test.ComparatorTest" name="testApiResponse" time="0.024"/>
  <testcase classname="test.ComparatorTest" name="testApiResponse" time="0.11"/>
  <testcase classname="test.ComparatorTest" name="testApiResponse" time="0.046"/>
  <testcase classname="test.ComparatorTest" name="testApiResponse" time="0.015"/>
  <testcase classname="test.ComparatorTest" name="testApiResponse" time="0.007"/>
  <testcase classname="test.ComparatorTest" name="testApiResponse" time="0.029"/>
  <testcase classname="test.ComparatorTest" name="testApiResponse" time="0.039"/>
  <testcase classname="test.ComparatorTest" name="testApiResponse" time="0.037"/>
  <testcase classname="test.ComparatorTest" name="testApiResponse" time="0.019"/>
  <testcase classname="test.ComparatorTest" name="testApiResponse" time="0.126"/>
  <testcase classname="test.ComparatorTest" name="testApiResponse" time="0.017"/>
  <testcase classname="test.ComparatorTest" name="testApiResponse" time="0.019"/>
  <testcase classname="test.ComparatorTest" name="testApiResponse" time="0.008"/>
  <testcase classname="test.ComparatorTest" name="testApiResponse" time="0.036"/>
  <testcase classname="test.ComparatorTest" name="testApiResponse" time="0.033"/>
  <testcase classname="test.ComparatorTest" name="testApiResponse" time="0.028"/>
  <testcase classname="test.ComparatorTest" name="testApiResponse" time="0.029"/>
  <testcase classname="test.ComparatorTest" name="testApiResponse" time="0.126"/>
  <testcase classname="test.ComparatorTest" name="testApiResponse" time="0.033"/>
  <testcase classname="test.ComparatorTest" name="testApiResponse" time="0.009"/>
  <testcase classname="test.ComparatorTest" name="testApiResponse" time="0.005"/>
  <testcase classname="test.ComparatorTest" name="testApiResponse" time="0.019"/>
  <testcase classname="test.ComparatorTest" name="testApiResponse" time="0.043"/>
  <testcase classname="test.ComparatorTest" name="testApiResponse" time="0.025"/>
  <testcase classname="test.ComparatorTest" name="testApiResponse" time="0.03"/>
  <testcase classname="test.ComparatorTest" name="testApiResponse" time="0.156"/>
  <testcase classname="test.ComparatorTest" name="testApiResponse" time="0.033"/>
  <testcase classname="test.ComparatorTest" name="testApiResponse" time="0.01"/>
  <testcase classname="test.ComparatorTest" name="testApiResponse" time="0.021"/>
  <testcase classname="test.ComparatorTest" name="testApiResponse" time="0.022"/>
  <testcase classname="test.ComparatorTest" name="testApiResponse" time="0.033"/>
  <testcase classname="test.ComparatorTest" name="testApiResponse" time="0.016"/>
  <testcase classname="test.ComparatorTest" name="testApiResponse" time="0.047"/>
  <testcase classname="test.ComparatorTest" name="testApiResponse" time="0.157"/>
  <testcase classname="test.ComparatorTest" name="testApiResponse" time="0.025"/>
  <testcase classname="test.ComparatorTest" name="testApiResponse" time="0.017"/>
  <testcase classname="test.ComparatorTest" name="testApiResponse" time="0.003"/>
  <testcase classname="test.ComparatorTest" name="testApiResponse" time="0.021"/>
  <testcase classname="test.ComparatorTest" name="testApiResponse" time="0.031"/>
  <testcase classname="test.ComparatorTest" name="testApiResponse" time="0.005"/>
  <testcase classname="test.ComparatorTest" name="testApiResponse" time="0.039"/>
  <testcase classname="test.ComparatorTest" name="testApiResponse" time="0.034"/>
  <testcase classname="test.ComparatorTest" name="testApiResponse" time="0.145"/>
  <testcase classname="test.ComparatorTest" name="testApiResponse" time="0.025"/>
  <testcase classname="test.ComparatorTest" name="testApiResponse" time="0.011"/>
  <testcase classname="test.ComparatorTest" name="testApiResponse" time="0.03"/>
  <testcase classname="test.ComparatorTest" name="testApiResponse" time="0.021"/>
  <testcase classname="test.ComparatorTest" name="testApiResponse" time="0.036"/>
  <testcase classname="test.ComparatorTest" name="testApiResponse" time="0.043"/>
  <testcase classname="test.ComparatorTest" name="testApiResponse" time="0.013"/>
  <testcase classname="test.ComparatorTest" name="testApiResponse" time="0.142"/>
  <testcase classname="test.ComparatorTest" name="testApiResponse" time="0.041"/>
  <testcase classname="test.ComparatorTest" name="testApiResponse" time="0.015"/>
  <testcase classname="test.ComparatorTest" name="testApiResponse" time="0.034"/>
  <testcase classname="test.ComparatorTest" name="testApiResponse" time="0.058"/>
  <testcase classname="test.ComparatorTest" name="testApiResponse" time="0.034"/>
  <testcase classname="test.ComparatorTest" name="testApiResponse" time="0.002"/>
  <testcase classname="test.ComparatorTest" name="testApiResponse" time="0.155"/>
  <testcase classname="test.ComparatorTest" name="testApiResponse" time="0.036"/>
  <testcase classname="test.ComparatorTest" name="testApiResponse" time="0.013"/>
  <testcase classname="test.ComparatorTest" name="testApiResponse" time="0.016"/>
  <testcase classname="test.ComparatorTest" name="testApiResponse" time="0.02"/>
  <testcase classname="test.ComparatorTest" name="testApiResponse" time="0.041"/>
  <testcase classname="test.ComparatorTest" name="testApiResponse" time="0.029"/>
  <testcase classname="test.ComparatorTest" name="testApiResponse" time="0.023"/>
  <testcase classname="test.ComparatorTest" name="testApiResponse" time="0.149"/>
  <testcase classname="test.ComparatorTest" name="testApiResponse" time="0.049"/>
  <testcase classname="test.ComparatorTest" name="testApiResponse" time="0.022"/>
  <testcase classname="test.ComparatorTest" name="testApiResponse" time="0.011"/>
  <testcase classname="test.ComparatorTest" name="testApiResponse" time="0.002"/>
  <testcase classname="test.ComparatorTest" name="testApiResponse" time="0.053"/>
  <testcase classname="test.ComparatorTest" name="testApiResponse" time="0.02"/>
  <testcase classname="test.ComparatorTest" name="testApiResponse" time="0.021"/>
  <testcase classname="test.ComparatorTest" name="testApiResponse" time="0.145"/>
  <testcase classname="test.ComparatorTest" name="testApiResponse" time="0.065"/>
  <testcase classname="test.ComparatorTest" name="testApiResponse" time="0.01"/>
  <testcase classname="test.ComparatorTest" name="testApiResponse" time="0.014"/>
  <testcase classname="test.ComparatorTest" name="testApiResponse" time="0.021"/>
  <testcase classname="test.ComparatorTest" name="testApiResponse" time="0.046"/>
  <testcase classname="test.ComparatorTest" name="testApiResponse" time="0.007"/>
  <testcase classname="test.ComparatorTest" name="testApiResponse" time="0.018"/>
  <testcase classname="test.ComparatorTest" name="testApiResponse" time="0.15"/>
  <testcase classname="test.ComparatorTest" name="testApiResponse" time="0.062"/>
  <testcase classname="test.ComparatorTest" name="testApiResponse" time="0.009"/>
  <testcase classname="test.ComparatorTest" name="testApiResponse" time="0.015"/>
  <testcase classname="test.ComparatorTest" name="testApiResponse" time="0.035"/>
  <testcase classname="test.ComparatorTest" name="testApiResponse" time="0.03"/>
  <testcase classname="test.ComparatorTest" name="testApiResponse" time="0.004"/>
  <testcase classname="test.ComparatorTest" name="testApiResponse" time="0.006"/>
  <testcase classname="test.ComparatorTest" name="testApiResponse" time="0.174"/>
  <testcase classname="test.ComparatorTest" name="testApiResponse" time="0.056"/>
  <testcase classname="test.ComparatorTest" name="testApiResponse" time="0.017"/>
  <testcase classname="test.ComparatorTest" name="testApiResponse" time="0.017"/>
  <testcase classname="test.ComparatorTest" name="testApiResponse" time="0.023"/>
  <testcase classname="test.ComparatorTest" name="testApiResponse" time="0.011"/>
  <testcase classname="test.ComparatorTest" name="testApiResponse" time="0.008"/>
  <testcase classname="test.ComparatorTest" name="testApiResponse" time="0.013"/>
  <testcase classname="test.ComparatorTest" name="testApiResponse" time="0.2"/>
  <testcase classname="test.ComparatorTest" name="testApiResponse" time="0.051"/>
  <testcase classname="test.ComparatorTest" name="testApiResponse" time="0.029"/>
  <testcase classname="test.ComparatorTest" name="testApiResponse" time="0.009"/>
  <testcase classname="test.ComparatorTest" name="testApiResponse" time="0.002"/>
  <testcase classname="test.ComparatorTest" name="testApiResponse" time="0.028"/>
  <testcase classname="test.ComparatorTest" name="testApiResponse" time="0.009"/>
  <testcase classname="test.ComparatorTest" name="testApiResponse" time="0.012"/>
  <testcase classname="test.ComparatorTest" name="testApiResponse" time="0.19"/>
  <testcase classname="test.ComparatorTest" name="testApiResponse" time="0.039"/>
  <testcase classname="test.ComparatorTest" name="testApiResponse" time="0.043"/>
  <testcase classname="test.ComparatorTest" name="testApiResponse" time="0.007"/>
  <testcase classname="test.ComparatorTest" name="testApiResponse" time="0.02"/>
  <testcase classname="test.ComparatorTest" name="testApiResponse" time="0.014"/>
  <testcase classname="test.ComparatorTest" name="testApiResponse" time="0.002"/>
  <testcase classname="test.ComparatorTest" name="testApiResponse" time="0.014"/>
  <testcase classname="test.ComparatorTest" name="testApiResponse" time="0.183"/>
  <testcase classname="test.ComparatorTest" name="testApiResponse" time="0.008"/>
  <testcase classname="test.ComparatorTest" name="testApiResponse" time="0.091"/>
  <testcase classname="test.ComparatorTest" name="testApiResponse" time="0.014"/>
  <testcase classname="test.ComparatorTest" name="testApiResponse" time="0.005"/>
  <testcase classname="test.ComparatorTest" name="testApiResponse" time="0.001"/>
  <testcase classname="test.ComparatorTest" name="testApiResponse" time="0.002"/>
  <testcase classname="test.ComparatorTest" name="testApiResponse" time="0.015"/>
  <testcase classname="test.ComparatorTest" name="testApiResponse" time="0.186"/>
  <testcase classname="test.ComparatorTest" name="testApiResponse" time="0.015"/>
  <testcase classname="test.ComparatorTest" name="testApiResponse" time="0.087"/>
  <testcase classname="test.ComparatorTest" name="testApiResponse" time="0.003"/>
  <testcase classname="test.ComparatorTest" name="testApiResponse" time="0.009"/>
  <testcase classname="test.ComparatorTest" name="testApiResponse" time="0.031"/>
  <testcase classname="test.ComparatorTest" name="testApiResponse" time="0.009"/>
  <testcase classname="test.ComparatorTest" name="testApiResponse" time="0.084"/>
  <testcase classname="test.ComparatorTest" name="testApiResponse" time="0.085"/>
  <testcase classname="test.ComparatorTest" name="testApiResponse" time="0.032"/>
  <testcase classname="test.ComparatorTest" name="testApiResponse" time="0.058"/>
  <testcase classname="test.ComparatorTest" name="testApiResponse" time="0.029"/>
  <testcase classname="test.ComparatorTest" name="testApiResponse" time="0.013"/>
  <testcase classname="test.ComparatorTest" name="testApiResponse" time="0.013"/>
  <testcase classname="test.ComparatorTest" name="testApiResponse" time="0.014"/>
  <testcase classname="test.ComparatorTest" name="testApiResponse" time="0.079"/>
  <testcase classname="test.ComparatorTest" name="testApiResponse" time="0.09"/>
  <testcase classname="test.ComparatorTest" name="testApiResponse" time="0.029"/>
  <testcase classname="test.ComparatorTest" name="testApiResponse" time="0.083"/>
  <testcase classname="test.ComparatorTest" name="testApiResponse" time="0.009"/>
  <testcase classname="test.ComparatorTest" name="testApiResponse" time="0.017"/>
  <testcase classname="test.ComparatorTest" name="testApiResponse" time="0.008"/>
  <testcase classname="test.ComparatorTest" name="testApiResponse" time="0.013"/>
  <testcase classname="test.ComparatorTest" name="testApiResponse" time="0.078"/>
  <testcase classname="test.ComparatorTest" name="testApiResponse" time="0.084"/>
  <testcase classname="test.ComparatorTest" name="testApiResponse" time="0.03"/>
  <testcase classname="test.ComparatorTest" name="testApiResponse" time="0.099"/>
  <testcase classname="test.ComparatorTest" name="testApiResponse" time="0.004"/>
  <testcase classname="test.ComparatorTest" name="testApiResponse" time="0.009"/>
  <testcase classname="test.ComparatorTest" name="testApiResponse" time="0.01"/>
  <testcase classname="test.ComparatorTest" name="testApiResponse" time="0.027"/>
  <testcase classname="test.ComparatorTest" name="testApiResponse" time="0.046"/>
  <testcase classname="test.ComparatorTest" name="testApiResponse" time="0.104"/>
  <testcase classname="test.ComparatorTest" name="testApiResponse" time="0.06"/>
  <testcase classname="test.ComparatorTest" name="testApiResponse" time="0.065"/>
  <testcase classname="test.ComparatorTest" name="testApiResponse" time="0.011"/>
  <testcase classname="test.ComparatorTest" name="testApiResponse" time="0.014"/>
  <testcase classname="test.ComparatorTest" name="testApiResponse" time="0.001"/>
  <testcase classname="test.ComparatorTest" name="testApiResponse" time="0.039"/>
  <testcase classname="test.ComparatorTest" name="testApiResponse" time="0.04"/>
  <testcase classname="test.ComparatorTest" name="testApiResponse" time="0.118"/>
  <testcase classname="test.ComparatorTest" name="testApiResponse" time="0.032"/>
  <testcase classname="test.ComparatorTest" name="testApiResponse" time="0.072"/>
  <testcase classname="test.ComparatorTest" name="testApiResponse" time="0.011"/>
  <testcase classname="test.ComparatorTest" name="testApiResponse" time="0.012"/>
  <testcase classname="test.ComparatorTest" name="testApiResponse" time="0.047"/>
  <testcase classname="test.ComparatorTest" name="testApiResponse" time="0.016"/>
  <testcase classname="test.ComparatorTest" name="testApiResponse" time="0.015"/>
  <testcase classname="test.ComparatorTest" name="testApiResponse" time="0.146"/>
  <testcase classname="test.ComparatorTest" name="testApiResponse" time="0"/>
  <testcase classname="test.ComparatorTest" name="testApiResponse" time="0.09"/>
  <testcase classname="test.ComparatorTest" name="testApiResponse" time="0.005"/>
  <testcase classname="test.ComparatorTest" name="testApiResponse" time="0.046"/>
  <testcase classname="test.ComparatorTest" name="testApiResponse" time="0.011"/>
  <testcase classname="test.ComparatorTest" name="testApiResponse" time="0.03"/>
  <testcase classname="test.ComparatorTest" name="testApiResponse" time="0.003"/>
  <testcase classname="test.ComparatorTest" name="testApiResponse" time="0.139"/>
  <testcase classname="test.ComparatorTest" name="testApiResponse" time="0.009"/>
  <testcase classname="test.ComparatorTest" name="testApiResponse" time="0.095"/>
  <testcase classname="test.ComparatorTest" name="testApiResponse" time="0"/>
  <testcase classname="test.ComparatorTest" name="testApiResponse" time="0.041"/>
  <testcase classname="test.ComparatorTest" name="testApiResponse" time="0.025"/>
  <testcase classname="test.ComparatorTest" name="testApiResponse" time="0.015"/>
  <testcase classname="test.ComparatorTest" name="testApiResponse" time="0.007"/>
  <testcase classname="test.ComparatorTest" name="testApiResponse" time="0.124"/>
  <testcase classname="test.ComparatorTest" name="testApiResponse" time="0.019"/>
  <testcase classname="test.ComparatorTest" name="testApiResponse" time="0.073"/>
  <testcase classname="test.ComparatorTest" name="testApiResponse" time="0.035"/>
  <testcase classname="test.ComparatorTest" name="testApiResponse" time="0.031"/>
  <testcase classname="test.ComparatorTest" name="testApiResponse" time="0.024"/>
  <testcase classname="test.ComparatorTest" name="testApiResponse" time="0.017"/>
  <testcase classname="test.ComparatorTest" name="testApiResponse" time="0.02"/>
  <testcase classname="test.ComparatorTest" name="testApiResponse" time="0.131"/>
  <testcase classname="test.ComparatorTest" name="testApiResponse" time="0.013"/>
  <testcase classname="test.ComparatorTest" name="testApiResponse" time="0.042"/>
  <testcase classname="test.ComparatorTest" name="testApiResponse" time="0.083"/>
  <testcase classname="test.ComparatorTest" name="testApiResponse" time="0.009"/>
  <testcase classname="test.ComparatorTest" name="testApiResponse" time="0.011"/>
  <testcase classname="test.ComparatorTest" name="testApiResponse" time="0.029"/>
  <testcase classname="test.ComparatorTest" name="testApiResponse" time="0.018"/>
  <testcase classname="test.ComparatorTest" name="testApiResponse" time="0.105"/>
  <testcase classname="test.ComparatorTest" name="testApiResponse" time="0.041"/>
  <testcase classname="test.ComparatorTest" name="testApiResponse" time="0.052"/>
  <testcase classname="test.ComparatorTest" name="testApiResponse" time="0.044"/>
  <testcase classname="test.ComparatorTest" name="testApiResponse" time="0.032"/>
  <testcase classname="test.ComparatorTest" name="testApiResponse" time="0.016"/>
  <testcase classname="test.ComparatorTest" name="testApiResponse" time="0.042"/>
  <testcase classname="test.ComparatorTest" name="testApiResponse" time="0.042"/>
  <testcase classname="test.ComparatorTest" name="testApiResponse" time="0.116"/>
  <testcase classname="test.ComparatorTest" name="testApiResponse" time="0.06"/>
  <testcase classname="test.ComparatorTest" name="testApiResponse" time="0.005"/>
  <testcase classname="test.ComparatorTest" name="testApiResponse" time="0.086"/>
  <testcase classname="test.ComparatorTest" name="testApiResponse" time="0.03"/>
  <testcase classname="test.ComparatorTest" name="testApiResponse" time="0.016"/>
  <testcase classname="test.ComparatorTest" name="testApiResponse" time="0.014"/>
  <testcase classname="test.ComparatorTest" name="testApiResponse" time="0.03"/>
  <testcase classname="test.ComparatorTest" name="testApiResponse" time="0.102"/>
  <testcase classname="test.ComparatorTest" name="testApiResponse" time="0.058"/>
  <testcase classname="test.ComparatorTest" name="testApiResponse" time="0.013"/>
  <testcase classname="test.ComparatorTest" name="testApiResponse" time="0.097"/>
  <testcase classname="test.ComparatorTest" name="testApiResponse" time="0.012"/>
  <testcase classname="test.ComparatorTest" name="testApiResponse" time="0.021"/>
  <testcase classname="test.ComparatorTest" name="testApiResponse" time="0.006"/>
  <testcase classname="test.ComparatorTest" name="testApiResponse" time="0.05"/>
  <testcase classname="test.ComparatorTest" name="testApiResponse" time="0.1"/>
  <testcase classname="test.ComparatorTest" name="testApiResponse" time="0.029"/>
  <testcase classname="test.ComparatorTest" name="testApiResponse" time="0.024"/>
  <testcase classname="test.ComparatorTest" name="testApiResponse" time="0.101"/>
  <testcase classname="test.ComparatorTest" name="testApiResponse" time="0.01"/>
  <testcase classname="test.ComparatorTest" name="testApiResponse" time="0.026"/>
  <testcase classname="test.ComparatorTest" name="testApiResponse" time="0.014"/>
  <testcase classname="test.ComparatorTest" name="testApiResponse" time="0.044"/>
  <testcase classname="test.ComparatorTest" name="testApiResponse" time="0.109"/>
  <testcase classname="test.ComparatorTest" name="testApiResponse" time="0.022"/>
  <testcase classname="test.ComparatorTest" name="testApiResponse" time="0.027"/>
  <testcase classname="test.ComparatorTest" name="testApiResponse" time="0.098"/>
  <testcase classname="test.ComparatorTest" name="testApiResponse" time="0.006"/>
  <testcase classname="test.ComparatorTest" name="testApiResponse" time="0.035"/>
  <testcase classname="test.ComparatorTest" name="testApiResponse" time="0.016"/>
  <testcase classname="test.ComparatorTest" name="testApiResponse" time="0.025"/>
  <testcase classname="test.ComparatorTest" name="testApiResponse" time="0.117"/>
  <testcase classname="test.ComparatorTest" name="testApiResponse" time="0.012"/>
  <testcase classname="test.ComparatorTest" name="testApiResponse" time="0.021"/>
  <testcase classname="test.ComparatorTest" name="testApiResponse" time="0.085"/>
  <testcase classname="test.ComparatorTest" name="testApiResponse" time="0.048"/>
  <testcase classname="test.ComparatorTest" name="testApiResponse" time="0.048"/>
  <testcase classname="test.ComparatorTest" name="testApiResponse" time="0.022"/>
  <testcase classname="test.ComparatorTest" name="testApiResponse" time="0.019"/>
  <testcase classname="test.ComparatorTest" name="testApiResponse" time="0.108"/>
  <testcase classname="test.ComparatorTest" name="testApiResponse" time="0.01"/>
  <testcase classname="test.ComparatorTest" name="testApiResponse" time="0.035"/>
  <testcase classname="test.ComparatorTest" name="testApiResponse" time="0.089"/>
  <testcase classname="test.ComparatorTest" name="testApiResponse" time="0.03"/>
  <testcase classname="test.ComparatorTest" name="testApiResponse" time="0.038"/>
  <testcase classname="test.ComparatorTest" name="testApiResponse" time="0.004"/>
  <testcase classname="test.ComparatorTest" name="testApiResponse" time="0.017"/>
  <testcase classname="test.ComparatorTest" name="testApiResponse" time="0.102"/>
  <testcase classname="test.ComparatorTest" name="testApiResponse" time="0.028"/>
  <testcase classname="test.ComparatorTest" name="testApiResponse" time="0.021"/>
  <testcase classname="test.ComparatorTest" name="testApiResponse" time="0.093"/>
  <testcase classname="test.ComparatorTest" name="testApiResponse" time="0.056"/>
  <testcase classname="test.ComparatorTest" name="testApiResponse" time="0.01"/>
  <testcase classname="test.ComparatorTest" name="testApiResponse" time="0.021"/>
  <testcase classname="test.ComparatorTest" name="testApiResponse" time="0.064"/>
  <testcase classname="test.ComparatorTest" name="testApiResponse" time="0.045"/>
  <testcase classname="test.ComparatorTest" name="testApiResponse" time="0.011"/>
  <testcase classname="test.ComparatorTest" name="testApiResponse" time="0.026"/>
  <testcase classname="test.ComparatorTest" name="testApiResponse" time="0.12"/>
  <testcase classname="test.ComparatorTest" name="testApiResponse" time="0.051"/>
  <testcase classname="test.ComparatorTest" name="testApiResponse" time="0.013"/>
  <testcase classname="test.ComparatorTest" name="testApiResponse" time="0.02"/>
  <testcase classname="test.ComparatorTest" name="testApiResponse" time="0.025"/>
  <testcase classname="test.ComparatorTest" name="testApiResponse" time="0.065"/>
  <testcase classname="test.ComparatorTest" name="testApiResponse" time="0.02"/>
  <testcase classname="test.ComparatorTest" name="testApiResponse" time="0.005"/>
  <testcase classname="test.ComparatorTest" name="testApiResponse" time="0.135"/>
  <testcase classname="test.ComparatorTest" name="testApiResponse" time="0.044"/>
  <testcase classname="test.ComparatorTest" name="testApiResponse" time="0.016"/>
  <testcase classname="test.ComparatorTest" name="testApiResponse" time="0.02"/>
  <testcase classname="test.ComparatorTest" name="testApiResponse" time="0.016"/>
  <testcase classname="test.ComparatorTest" name="testApiResponse" time="0.097"/>
  <testcase classname="test.ComparatorTest" name="testApiResponse" time="0.001"/>
  <testcase classname="test.ComparatorTest" name="testApiResponse" time="0.008"/>
  <testcase classname="test.ComparatorTest" name="testApiResponse" time="0.175"/>
  <testcase classname="test.ComparatorTest" name="testApiResponse" time="0.013"/>
  <testcase classname="test.ComparatorTest" name="testApiResponse" time="0.021"/>
  <testcase classname="test.ComparatorTest" name="testApiResponse" time="0.004"/>
  <testcase classname="test.ComparatorTest" name="testApiResponse" time="0.014"/>
  <testcase classname="test.ComparatorTest" name="testApiResponse" time="0.005"/>
  <testcase classname="test.ComparatorTest" name="testApiResponse" time="0.077"/>
  <testcase classname="test.ComparatorTest" name="testApiResponse" time="0.016"/>
  <testcase classname="test.ComparatorTest" name="testApiResponse" time="0.003"/>
  <testcase classname="test.ComparatorTest" name="testApiResponse" time="0.189"/>
  <testcase classname="test.ComparatorTest" name="testApiResponse" time="0.017"/>
  <testcase classname="test.ComparatorTest" name="testApiResponse" time="0.009"/>
  <testcase classname="test.ComparatorTest" name="testApiResponse" time="0.014"/>
  <testcase classname="test.ComparatorTest" name="testApiResponse" time="0.011"/>
  <testcase classname="test.ComparatorTest" name="testApiResponse" time="0.072"/>
  <testcase classname="test.ComparatorTest" name="testApiResponse" time="0.008"/>
  <testcase classname="test.ComparatorTest" name="testApiResponse" time="0.029"/>
  <testcase classname="test.ComparatorTest" name="testApiResponse" time="0.171"/>
  <testcase classname="test.ComparatorTest" name="testApiResponse" time="0.005"/>
  <testcase classname="test.ComparatorTest" name="testApiResponse" time="0.022"/>
  <testcase classname="test.ComparatorTest" name="testApiResponse" time="0.012"/>
  <testcase classname="test.ComparatorTest" name="testApiResponse" time="0.029"/>
  <testcase classname="test.ComparatorTest" name="testApiResponse" time="0.053"/>
  <testcase classname="test.ComparatorTest" name="testApiResponse" time="0.028"/>
  <testcase classname="test.ComparatorTest" name="testApiResponse" time="0.033"/>
  <testcase classname="test.ComparatorTest" name="testApiResponse" time="0.147"/>
  <testcase classname="test.ComparatorTest" name="testApiResponse" time="0.011"/>
  <testcase classname="test.ComparatorTest" name="testApiResponse" time="0.015"/>
  <testcase classname="test.ComparatorTest" name="testApiResponse" time="0.002"/>
  <testcase classname="test.ComparatorTest" name="testApiResponse" time="0.068"/>
  <testcase classname="test.ComparatorTest" name="testApiResponse" time="0.045"/>
  <testcase classname="test.ComparatorTest" name="testApiResponse" time="0.005"/>
  <testcase classname="test.ComparatorTest" name="testApiResponse" time="0.025"/>
  <testcase classname="test.ComparatorTest" name="testApiResponse" time="0.147"/>
  <testcase classname="test.ComparatorTest" name="testApiResponse" time="0.009"/>
  <testcase classname="test.ComparatorTest" name="testApiResponse" time="0.009"/>
  <testcase classname="test.ComparatorTest" name="testApiResponse" time="0.026"/>
  <testcase classname="test.ComparatorTest" name="testApiResponse" time="0.077"/>
  <testcase classname="test.ComparatorTest" name="testApiResponse" time="0.03"/>
  <testcase classname="test.ComparatorTest" name="testApiResponse" time="0.007"/>
  <testcase classname="test.ComparatorTest" name="testApiResponse" time="0.071"/>
  <testcase classname="test.ComparatorTest" name="testApiResponse" time="0.093"/>
  <testcase classname="test.ComparatorTest" name="testApiResponse" time="0.017"/>
  <testcase classname="test.ComparatorTest" name="testApiResponse" time="0.02"/>
  <testcase classname="test.ComparatorTest" name="testApiResponse" time="0.008"/>
  <testcase classname="test.ComparatorTest" name="testApiResponse" time="0.074"/>
  <testcase classname="test.ComparatorTest" name="testApiResponse" time="0.026"/>
  <testcase classname="test.ComparatorTest" name="testApiResponse" time="0.012"/>
  <testcase classname="test.ComparatorTest" name="testApiResponse" time="0.097"/>
  <testcase classname="test.ComparatorTest" name="testApiResponse" time="0.092"/>
  <testcase classname="test.ComparatorTest" name="testApiResponse" time="0.007"/>
  <testcase classname="test.ComparatorTest" name="testApiResponse" time="0.006"/>
  <testcase classname="test.ComparatorTest" name="testApiResponse" time="0.046"/>
  <testcase classname="test.ComparatorTest" name="testApiResponse" time="0.077"/>
  <testcase classname="test.ComparatorTest" name="testApiResponse" time="0.004"/>
  <testcase classname="test.ComparatorTest" name="testApiResponse" time="0.01"/>
  <testcase classname="test.ComparatorTest" name="testApiResponse" time="0.118"/>
  <testcase classname="test.ComparatorTest" name="testApiResponse" time="0.058"/>
  <testcase classname="test.ComparatorTest" name="testApiResponse" time="0.027"/>
  <testcase classname="test.ComparatorTest" name="testApiResponse" time="0.005"/>
  <testcase classname="test.ComparatorTest" name="testApiResponse" time="0.041"/>
  <testcase classname="test.ComparatorTest" name="testApiResponse" time="0.07"/>
  <testcase classname="test.ComparatorTest" name="testApiResponse" time="0.003"/>
  <testcase classname="test.ComparatorTest" name="testApiResponse" time="0.007"/>
  <testcase classname="test.ComparatorTest" name="testApiResponse" time="0.11"/>
  <testcase classname="test.ComparatorTest" name="testApiResponse" time="0.08"/>
  <testcase classname="test.ComparatorTest" name="testApiResponse" time="0.017"/>
  <testcase classname="test.ComparatorTest" name="testApiResponse" time="0.022"/>
  <testcase classname="test.ComparatorTest" name="testApiResponse" time="0.018"/>
  <testcase classname="test.ComparatorTest" name="testApiResponse" time="0.049"/>
  <testcase classname="test.ComparatorTest" name="testApiResponse" time="0.017"/>
  <testcase classname="test.ComparatorTest" name="testApiResponse" time="0.008"/>
  <testcase classname="test.ComparatorTest" name="testApiResponse" time="0.136"/>
  <testcase classname="test.ComparatorTest" name="testApiResponse" time="0.052"/>
  <testcase classname="test.ComparatorTest" name="testApiResponse" time="0.04"/>
  <testcase classname="test.ComparatorTest" name="testApiResponse" time="0.023"/>
  <testcase classname="test.ComparatorTest" name="testApiResponse" time="0.028"/>
  <testcase classname="test.ComparatorTest" name="testApiResponse" time="0.027"/>
  <testcase classname="test.ComparatorTest" name="testApiResponse" time="0.012"/>
  <testcase classname="test.ComparatorTest" name="testApiResponse" time="0.02"/>
  <testcase classname="test.ComparatorTest" name="testApiResponse" time="0.131"/>
  <testcase classname="test.ComparatorTest" name="testApiResponse" time="0.048"/>
  <testcase classname="test.ComparatorTest" name="testApiResponse" time="0.043"/>
  <testcase classname="test.ComparatorTest" name="testApiResponse" time="0.001"/>
  <testcase classname="test.ComparatorTest" name="testApiResponse" time="0.059"/>
  <testcase classname="test.ComparatorTest" name="testApiResponse" time="0.029"/>
  <testcase classname="test.ComparatorTest" name="testApiResponse" time="0.024"/>
  <testcase classname="test.ComparatorTest" name="testApiResponse" time="0.035"/>
  <testcase classname="test.ComparatorTest" name="testApiResponse" time="0.105"/>
  <testcase classname="test.ComparatorTest" name="testApiResponse" time="0.051"/>
  <testcase classname="test.ComparatorTest" name="testApiResponse" time="0.043"/>
  <testcase classname="test.ComparatorTest" name="testApiResponse" time="0.02"/>
  <testcase classname="test.ComparatorTest" name="testApiResponse" time="0.038"/>
  <testcase classname="test.ComparatorTest" name="testApiResponse" time="0.034"/>
  <testcase classname="test.ComparatorTest" name="testApiResponse" time="0.013"/>
  <testcase classname="test.ComparatorTest" name="testApiResponse" time="0.045"/>
  <testcase classname="test.ComparatorTest" name="testApiResponse" time="0.069"/>
  <testcase classname="test.ComparatorTest" name="testApiResponse" time="0.058"/>
  <testcase classname="test.ComparatorTest" name="testApiResponse" time="0.046"/>
  <testcase classname="test.ComparatorTest" name="testApiResponse" time="0.026"/>
  <testcase classname="test.ComparatorTest" name="testApiResponse" time="0.055"/>
  <testcase classname="test.ComparatorTest" name="testApiResponse" time="0.007"/>
  <testcase classname="test.ComparatorTest" name="testApiResponse" time="0.019"/>
  <testcase classname="test.ComparatorTest" name="testApiResponse" time="0.069"/>
  <testcase classname="test.ComparatorTest" name="testApiResponse" time="0.059"/>
  <testcase classname="test.ComparatorTest" name="testApiResponse" time="0.061"/>
  <testcase classname="test.ComparatorTest" name="testApiResponse" time="0.032"/>
  <testcase classname="test.ComparatorTest" name="testApiResponse" time="0.048"/>
  <testcase classname="test.ComparatorTest" name="testApiResponse" time="0.034"/>
  <testcase classname="test.ComparatorTest" name="testApiResponse" time="0.007"/>
  <testcase classname="test.ComparatorTest" name="testApiResponse" time="0.047"/>
  <testcase classname="test.ComparatorTest" name="testApiResponse" time="0.061"/>
  <testcase classname="test.ComparatorTest" name="testApiResponse" time="0.028"/>
  <testcase classname="test.ComparatorTest" name="testApiResponse" time="0.074"/>
  <testcase classname="test.ComparatorTest" name="testApiResponse" time="0.044"/>
  <testcase classname="test.ComparatorTest" name="testApiResponse" time="0.051"/>
  <testcase classname="test.ComparatorTest" name="testApiResponse" time="0.033"/>
  <testcase classname="test.ComparatorTest" name="testApiResponse" time="0.008"/>
  <testcase classname="test.ComparatorTest" name="testApiResponse" time="0.042"/>
  <testcase classname="test.ComparatorTest" name="testApiResponse" time="0.043"/>
  <testcase classname="test.ComparatorTest" name="testApiResponse" time="0.072"/>
  <testcase classname="test.ComparatorTest" name="testApiResponse" time="0.044"/>
  <testcase classname="test.ComparatorTest" name="testApiResponse" time="0.03"/>
  <testcase classname="test.ComparatorTest" name="testApiResponse" time="0.047"/>
  <testcase classname="test.ComparatorTest" name="testApiResponse" time="0.056"/>
  <testcase classname="test.ComparatorTest" name="testApiResponse" time="0.017"/>
  <testcase classname="test.ComparatorTest" name="testApiResponse" time="0.023"/>
  <testcase classname="test.ComparatorTest" name="testApiResponse" time="0.069"/>
  <testcase classname="test.ComparatorTest" name="testApiResponse" time="0.059"/>
  <testcase classname="test.ComparatorTest" name="testApiResponse" time="0.047"/>
  <testcase classname="test.ComparatorTest" name="testApiResponse" time="0.011"/>
  <testcase classname="test.ComparatorTest" name="testApiResponse" time="0.086"/>
  <testcase classname="test.ComparatorTest" name="testApiResponse" time="0.054"/>
  <testcase classname="test.ComparatorTest" name="testApiResponse" time="0.008"/>
  <testcase classname="test.ComparatorTest" name="testApiResponse" time="0.032"/>
  <testcase classname="test.ComparatorTest" name="testApiResponse" time="0.036"/>
  <testcase classname="test.ComparatorTest" name="testApiResponse" time="0.079"/>
  <testcase classname="test.ComparatorTest" name="testApiResponse" time="0.037"/>
  <testcase classname="test.ComparatorTest" name="testApiResponse" time="0.01"/>
  <testcase classname="test.ComparatorTest" name="testApiResponse" time="0.049"/>
  <testcase classname="test.ComparatorTest" name="testApiResponse" time="0.065"/>
  <testcase classname="test.ComparatorTest" name="testApiResponse" time="0.021"/>
  <testcase classname="test.ComparatorTest" name="testApiResponse" time="0.053"/>
  <testcase classname="test.ComparatorTest" name="testApiResponse" time="0.037"/>
  <testcase classname="test.ComparatorTest" name="testApiResponse" time="0.112"/>
  <testcase classname="test.ComparatorTest" name="testApiResponse" time="0.025"/>
  <testcase classname="test.ComparatorTest" name="testApiResponse" time="0.009"/>
  <testcase classname="test.ComparatorTest" name="testApiResponse" time="0.003"/>
  <testcase classname="test.ComparatorTest" name="testApiResponse" time="0.073"/>
  <testcase classname="test.ComparatorTest" name="testApiResponse" time="0.02"/>
  <testcase classname="test.ComparatorTest" name="testApiResponse" time="0.049"/>
  <testcase classname="test.ComparatorTest" name="testApiResponse" time="0.046"/>
  <testcase classname="test.ComparatorTest" name="testApiResponse" time="0.086"/>
  <testcase classname="test.ComparatorTest" name="testApiResponse" time="0.05"/>
  <testcase classname="test.ComparatorTest" name="testApiResponse" time="0.014"/>
  <testcase classname="test.ComparatorTest" name="testApiResponse" time="0.025"/>
  <testcase classname="test.ComparatorTest" name="testApiResponse" time="0.049"/>
  <testcase classname="test.ComparatorTest" name="testApiResponse" time="0.016"/>
  <testcase classname="test.ComparatorTest" name="testApiResponse" time="0.047"/>
  <testcase classname="test.ComparatorTest" name="testApiResponse" time="0.047"/>
  <testcase classname="test.ComparatorTest" name="testApiResponse" time="0.09"/>
  <testcase classname="test.ComparatorTest" name="testApiResponse" time="0.04"/>
  <testcase classname="test.ComparatorTest" name="testApiResponse" time="0.016"/>
  <testcase classname="test.ComparatorTest" name="testApiResponse" time="0.024"/>
  <testcase classname="test.ComparatorTest" name="testApiResponse" time="0.049"/>
  <testcase classname="test.ComparatorTest" name="testApiResponse" time="0.045"/>
  <testcase classname="test.ComparatorTest" name="testApiResponse" time="0.062"/>
  <testcase classname="test.ComparatorTest" name="testApiResponse" time="0.014"/>
  <testcase classname="test.ComparatorTest" name="testApiResponse" time="0.098"/>
  <testcase classname="test.ComparatorTest" name="testApiResponse" time="0.031"/>
  <testcase classname="test.ComparatorTest" name="testApiResponse" time="0.02"/>
  <testcase classname="test.ComparatorTest" name="testApiResponse" time="0.018"/>
  <testcase classname="test.ComparatorTest" name="testApiResponse" time="0.057"/>
  <testcase classname="test.ComparatorTest" name="testApiResponse" time="0.075"/>
  <testcase classname="test.ComparatorTest" name="testApiResponse" time="0.04"/>
  <testcase classname="test.ComparatorTest" name="testApiResponse" time="0.021"/>
  <testcase classname="test.ComparatorTest" name="testApiResponse" time="0.074"/>
  <testcase classname="test.ComparatorTest" name="testApiResponse" time="0.049"/>
  <testcase classname="test.ComparatorTest" name="testApiResponse" time="0.036"/>
  <testcase classname="test.ComparatorTest" name="testApiResponse" time="0.05"/>
  <testcase classname="test.ComparatorTest" name="testApiResponse" time="0.06"/>
  <testcase classname="test.ComparatorTest" name="testApiResponse" time="0.02"/>
  <testcase classname="test.ComparatorTest" name="testApiResponse" time="0.042"/>
  <testcase classname="test.ComparatorTest" name="testApiResponse" time="0.018"/>
  <testcase classname="test.ComparatorTest" name="testApiResponse" time="0.043"/>
  <testcase classname="test.ComparatorTest" name="testApiResponse" time="0.08"/>
  <testcase classname="test.ComparatorTest" name="testApiResponse" time="0.002"/>
  <testcase classname="test.ComparatorTest" name="testApiResponse" time="0.084"/>
  <testcase classname="test.ComparatorTest" name="testApiResponse" time="0.039"/>
  <testcase classname="test.ComparatorTest" name="testApiResponse" time="0.005"/>
  <testcase classname="test.ComparatorTest" name="testApiResponse" time="0.09"/>
  <testcase classname="test.ComparatorTest" name="testApiResponse" time="0.007"/>
  <testcase classname="test.ComparatorTest" name="testApiResponse" time="0.045"/>
  <testcase classname="test.ComparatorTest" name="testApiResponse" time="0.05"/>
  <testcase classname="test.ComparatorTest" name="testApiResponse" time="0.035"/>
  <testcase classname="test.ComparatorTest" name="testApiResponse" time="0.07"/>
  <testcase classname="test.ComparatorTest" name="testApiResponse" time="0.045"/>
  <testcase classname="test.ComparatorTest" name="testApiResponse" time="0.043"/>
  <testcase classname="test.ComparatorTest" name="testApiResponse" time="0.029"/>
  <testcase classname="test.ComparatorTest" name="testApiResponse" time="0.022"/>
  <testcase classname="test.ComparatorTest" name="testApiResponse" time="0.031"/>
  <testcase classname="test.ComparatorTest" name="testApiResponse" time="0.06"/>
  <testcase classname="test.ComparatorTest" name="testApiResponse" time="0.025"/>
  <testcase classname="test.ComparatorTest" name="testApiResponse" time="0.068"/>
  <testcase classname="test.ComparatorTest" name="testApiResponse" time="0.057"/>
  <testcase classname="test.ComparatorTest" name="testApiResponse" time="0.028"/>
  <testcase classname="test.ComparatorTest" name="testApiResponse" time="0.044"/>
  <testcase classname="test.ComparatorTest" name="testApiResponse" time="0.018"/>
  <testcase classname="test.ComparatorTest" name="testApiResponse" time="0.029"/>
  <testcase classname="test.ComparatorTest" name="testApiResponse" time="0.079"/>
  <testcase classname="test.ComparatorTest" name="testApiResponse" time="0.038"/>
  <testcase classname="test.ComparatorTest" name="testApiResponse" time="0.039"/>
  <testcase classname="test.ComparatorTest" name="testApiResponse" time="0.068"/>
  <testcase classname="test.ComparatorTest" name="testApiResponse" time="0.015"/>
  <testcase classname="test.ComparatorTest" name="testApiResponse" time="0.031"/>
  <testcase classname="test.ComparatorTest" name="testApiResponse" time="0.019"/>
  <testcase classname="test.ComparatorTest" name="testApiResponse" time="0.029"/>
  <testcase classname="test.ComparatorTest" name="testApiResponse" time="0.11"/>
  <testcase classname="test.ComparatorTest" name="testApiResponse" time="0.02"/>
  <testcase classname="test.ComparatorTest" name="testApiResponse" time="0.05"/>
  <testcase classname="test.ComparatorTest" name="testApiResponse" time="0.039"/>
  <testcase classname="test.ComparatorTest" name="testApiResponse" time="0.056"/>
  <testcase classname="test.ComparatorTest" name="testApiResponse" time="0.006"/>
  <testcase classname="test.ComparatorTest" name="testApiResponse" time="0.037"/>
  <testcase classname="test.ComparatorTest" name="testApiResponse" time="0.011"/>
  <testcase classname="test.ComparatorTest" name="testApiResponse" time="0.092"/>
  <testcase classname="test.ComparatorTest" name="testApiResponse" time="0.07"/>
  <testcase classname="test.ComparatorTest" name="testApiResponse" time="0.017"/>
  <testcase classname="test.ComparatorTest" name="testApiResponse" time="0.028"/>
  <testcase classname="test.ComparatorTest" name="testApiResponse" time="0.072"/>
  <testcase classname="test.ComparatorTest" name="testApiResponse" time="0.021"/>
  <testcase classname="test.ComparatorTest" name="testApiResponse" time="0.022"/>
  <testcase classname="test.ComparatorTest" name="testApiResponse" time="0.005"/>
  <testcase classname="test.ComparatorTest" name="testApiResponse" time="0.082"/>
  <testcase classname="test.ComparatorTest" name="testApiResponse" time="0.09"/>
  <testcase classname="test.ComparatorTest" name="testApiResponse" time="0.03"/>
  <testcase classname="test.ComparatorTest" name="testApiResponse" time="0.012"/>
  <testcase classname="test.ComparatorTest" name="testApiResponse" time="0.067"/>
  <testcase classname="test.ComparatorTest" name="testApiResponse" time="0.013"/>
  <testcase classname="test.ComparatorTest" name="testApiResponse" time="0.02"/>
  <testcase classname="test.ComparatorTest" name="testApiResponse" time="0.004"/>
  <testcase classname="test.ComparatorTest" name="testApiResponse" time="0.118"/>
  <testcase classname="test.ComparatorTest" name="testApiResponse" time="0.042"/>
  <testcase classname="test.ComparatorTest" name="testApiResponse" time="0.061"/>
  <testcase classname="test.ComparatorTest" name="testApiResponse" time="0.001"/>
  <testcase classname="test.ComparatorTest" name="testApiResponse" time="0.088"/>
  <testcase classname="test.ComparatorTest" name="testApiResponse" time="0.003"/>
  <testcase classname="test.ComparatorTest" name="testApiResponse" time="0.029"/>
  <testcase classname="test.ComparatorTest" name="testApiResponse" time="0.03"/>
  <testcase classname="test.ComparatorTest" name="testApiResponse" time="0.086"/>
  <testcase classname="test.ComparatorTest" name="testApiResponse" time="0.038"/>
  <testcase classname="test.ComparatorTest" name="testApiResponse" time="0.041"/>
  <testcase classname="test.ComparatorTest" name="testApiResponse" time="0.015"/>
  <testcase classname="test.ComparatorTest" name="testApiResponse" time="0.077"/>
  <testcase classname="test.ComparatorTest" name="testApiResponse" time="0.012"/>
  <testcase classname="test.ComparatorTest" name="testApiResponse" time="0.007"/>
  <testcase classname="test.ComparatorTest" name="testApiResponse" time="0.026"/>
  <testcase classname="test.ComparatorTest" name="testApiResponse" time="0.016"/>
  <testcase classname="test.ComparatorTest" name="testApiResponse" time="0.108"/>
  <testcase classname="test.ComparatorTest" name="testApiResponse" time="0.042"/>
  <testcase classname="test.ComparatorTest" name="testApiResponse" time="0.037"/>
  <testcase classname="test.ComparatorTest" name="testApiResponse" time="0.013"/>
  <testcase classname="test.ComparatorTest" name="testApiResponse" time="0.055"/>
  <testcase classname="test.ComparatorTest" name="testApiResponse" time="0.04"/>
  <testcase classname="test.ComparatorTest" name="testApiResponse" time="0.026"/>
  <testcase classname="test.ComparatorTest" name="testApiResponse" time="0.011"/>
  <testcase classname="test.ComparatorTest" name="testApiResponse" time="0.129"/>
  <testcase classname="test.ComparatorTest" name="testApiResponse" time="0.006"/>
  <testcase classname="test.ComparatorTest" name="testApiResponse" time="0.054"/>
  <testcase classname="test.ComparatorTest" name="testApiResponse" time="0.036"/>
  <testcase classname="test.ComparatorTest" name="testApiResponse" time="0.014"/>
  <testcase classname="test.ComparatorTest" name="testApiResponse" time="0.08"/>
  <testcase classname="test.ComparatorTest" name="testApiResponse" time="0.002"/>
  <testcase classname="test.ComparatorTest" name="testApiResponse" time="0.019"/>
  <testcase classname="test.ComparatorTest" name="testApiResponse" time="0.12"/>
  <testcase classname="test.ComparatorTest" name="testApiResponse" time="0.015"/>
  <testcase classname="test.ComparatorTest" name="testApiResponse" time="0.064"/>
  <testcase classname="test.ComparatorTest" name="testApiResponse" time="0.012"/>
  <testcase classname="test.ComparatorTest" name="testApiResponse" time="0.041"/>
  <testcase classname="test.ComparatorTest" name="testApiResponse" time="0.047"/>
  <testcase classname="test.ComparatorTest" name="testApiResponse" time="0.047"/>
  <testcase classname="test.ComparatorTest" name="testApiResponse" time="0.023"/>
  <testcase classname="test.ComparatorTest" name="testApiResponse" time="0.081"/>
  <testcase classname="test.ComparatorTest" name="testApiResponse" time="0.016"/>
  <testcase classname="test.ComparatorTest" name="testApiResponse" time="0.07"/>
  <testcase classname="test.ComparatorTest" name="testApiResponse" time="0.024"/>
  <testcase classname="test.ComparatorTest" name="testApiResponse" time="0.039"/>
  <testcase classname="test.ComparatorTest" name="testApiResponse" time="0.027"/>
  <testcase classname="test.ComparatorTest" name="testApiResponse" time="0.063"/>
  <testcase classname="test.ComparatorTest" name="testApiResponse" time="0.031"/>
  <testcase classname="test.ComparatorTest" name="testApiResponse" time="0.06"/>
  <testcase classname="test.ComparatorTest" name="testApiResponse" time="0.049"/>
  <testcase classname="test.ComparatorTest" name="testApiResponse" time="0.04"/>
  <testcase classname="test.ComparatorTest" name="testApiResponse" time="0.049"/>
  <testcase classname="test.ComparatorTest" name="testApiResponse" time="0.019"/>
  <testcase classname="test.ComparatorTest" name="testApiResponse" time="0.053"/>
  <testcase classname="test.ComparatorTest" name="testApiResponse" time="0.033"/>
  <testcase classname="test.ComparatorTest" name="testApiResponse" time="0.01"/>
  <testcase classname="test.ComparatorTest" name="testApiResponse" time="0.073"/>
  <testcase classname="test.ComparatorTest" name="testApiResponse" time="0.068"/>
  <testcase classname="test.ComparatorTest" name="testApiResponse" time="0.056"/>
  <testcase classname="test.ComparatorTest" name="testApiResponse" time="0.029"/>
  <testcase classname="test.ComparatorTest" name="testApiResponse" time="0.029"/>
  <testcase classname="test.ComparatorTest" name="testApiResponse" time="0.036"/>
  <testcase classname="test.ComparatorTest" name="testApiResponse" time="0.013"/>
  <testcase classname="test.ComparatorTest" name="testApiResponse" time="0.041"/>
  <testcase classname="test.ComparatorTest" name="testApiResponse" time="0.034"/>
  <testcase classname="test.ComparatorTest" name="testApiResponse" time="0.064"/>
  <testcase classname="test.ComparatorTest" name="testApiResponse" time="0.085"/>
  <testcase classname="test.ComparatorTest" name="testApiResponse" time="0.035"/>
  <testcase classname="test.ComparatorTest" name="testApiResponse" time="0.041"/>
  <testcase classname="test.ComparatorTest" name="testApiResponse" time="0.022"/>
  <testcase classname="test.ComparatorTest" name="testApiResponse" time="0.029"/>
  <testcase classname="test.ComparatorTest" name="testApiResponse" time="0.044"/>
  <testcase classname="test.ComparatorTest" name="testApiResponse" time="0.053"/>
  <testcase classname="test.ComparatorTest" name="testApiResponse" time="0.031"/>
  <testcase classname="test.ComparatorTest" name="testApiResponse" time="0.097"/>
  <testcase classname="test.ComparatorTest" name="testApiResponse" time="0.049"/>
  <testcase classname="test.ComparatorTest" name="testApiResponse" time="0.015"/>
  <testcase classname="test.ComparatorTest" name="testApiResponse" time="0.024"/>
  <testcase classname="test.ComparatorTest" name="testApiResponse" time="0.038"/>
  <testcase classname="test.ComparatorTest" name="testApiResponse" time="0.028"/>
  <testcase classname="test.ComparatorTest" name="testApiResponse" time="0.047"/>
  <testcase classname="test.ComparatorTest" name="testApiResponse" time="0.045"/>
  <testcase classname="test.ComparatorTest" name="testApiResponse" time="0.071"/>
  <testcase classname="test.ComparatorTest" name="testApiResponse" time="0.054"/>
  <testcase classname="test.ComparatorTest" name="testApiResponse" time="0.032"/>
  <testcase classname="test.ComparatorTest" name="testApiResponse" time="0.049"/>
  <testcase classname="test.ComparatorTest" name="testApiResponse" time="0.033"/>
  <testcase classname="test.ComparatorTest" name="testApiResponse" time="0.009"/>
  <testcase classname="test.ComparatorTest" name="testApiResponse" time="0.045"/>
  <testcase classname="test.ComparatorTest" name="testApiResponse" time="0.073"/>
  <testcase classname="test.ComparatorTest" name="testApiResponse" time="0.048"/>
  <testcase classname="test.ComparatorTest" name="testApiResponse" time="0.043"/>
  <testcase classname="test.ComparatorTest" name="testApiResponse" time="0.033"/>
  <testcase classname="test.ComparatorTest" name="testApiResponse" time="0.077"/>
  <testcase classname="test.ComparatorTest" name="testApiResponse" time="0.016"/>
  <testcase classname="test.ComparatorTest" name="testApiResponse" time="0.032"/>
  <testcase classname="test.ComparatorTest" name="testApiResponse" time="0.031"/>
  <testcase classname="test.ComparatorTest" name="testApiResponse" time="0.05"/>
  <testcase classname="test.ComparatorTest" name="testApiResponse" time="0.08"/>
  <testcase classname="test.ComparatorTest" name="testApiResponse" time="0.026"/>
  <testcase classname="test.ComparatorTest" name="testApiResponse" time="0.042"/>
  <testcase classname="test.ComparatorTest" name="testApiResponse" time="0.061"/>
  <testcase classname="test.ComparatorTest" name="testApiResponse" time="0.008"/>
  <testcase classname="test.ComparatorTest" name="testApiResponse" time="0.009"/>
  <testcase classname="test.ComparatorTest" name="testApiResponse" time="0.072"/>
  <testcase classname="test.ComparatorTest" name="testApiResponse" time="0.054"/>
  <testcase classname="test.ComparatorTest" name="testApiResponse" time="0.075"/>
  <testcase classname="test.ComparatorTest" name="testApiResponse" time="0.012"/>
  <testcase classname="test.ComparatorTest" name="testApiResponse" time="0.06"/>
  <testcase classname="test.ComparatorTest" name="testApiResponse" time="0.027"/>
  <testcase classname="test.ComparatorTest" name="testApiResponse" time="0.013"/>
  <testcase classname="test.ComparatorTest" name="testApiResponse" time="0.045"/>
  <testcase classname="test.ComparatorTest" name="testApiResponse" time="0.074"/>
  <testcase classname="test.ComparatorTest" name="testApiResponse" time="0.05"/>
  <testcase classname="test.ComparatorTest" name="testApiResponse" time="0.05"/>
  <testcase classname="test.ComparatorTest" name="testApiResponse" time="0.01"/>
  <testcase classname="test.ComparatorTest" name="testApiResponse" time="0.055"/>
  <testcase classname="test.ComparatorTest" name="testApiResponse" time="0.031"/>
  <testcase classname="test.ComparatorTest" name="testApiResponse" time="0.005"/>
  <testcase classname="test.ComparatorTest" name="testApiResponse" time="0.087"/>
  <testcase classname="test.ComparatorTest" name="testApiResponse" time="0.065"/>
  <testcase classname="test.ComparatorTest" name="testApiResponse" time="0.051"/>
  <testcase classname="test.ComparatorTest" name="testApiResponse" time="0.035"/>
  <testcase classname="test.ComparatorTest" name="testApiResponse" time="0.019"/>
  <testcase classname="test.ComparatorTest" name="testApiResponse" time="0.04"/>
  <testcase classname="test.ComparatorTest" name="testApiResponse" time="0.033"/>
  <testcase classname="test.ComparatorTest" name="testApiResponse" time="0.025"/>
  <testcase classname="test.ComparatorTest" name="testApiResponse" time="0.083"/>
  <testcase classname="test.ComparatorTest" name="testApiResponse" time="0.069"/>
  <testcase classname="test.ComparatorTest" name="testApiResponse" time="0.06"/>
  <testcase classname="test.ComparatorTest" name="testApiResponse" time="0.029"/>
  <testcase classname="test.ComparatorTest" name="testApiResponse" time="0.002"/>
  <testcase classname="test.ComparatorTest" name="testApiResponse" time="0.088"/>
  <testcase classname="test.ComparatorTest" name="testApiResponse" time="0.057"/>
  <testcase classname="test.ComparatorTest" name="testApiResponse" time="0.013"/>
  <testcase classname="test.ComparatorTest" name="testApiResponse" time="0.05"/>
  <testcase classname="test.ComparatorTest" name="testApiResponse" time="0.07"/>
  <testcase classname="test.ComparatorTest" name="testApiResponse" time="0.069"/>
  <testcase classname="test.ComparatorTest" name="testApiResponse" time="0.005"/>
  <testcase classname="test.ComparatorTest" name="testApiResponse" time="0.014"/>
  <testcase classname="test.ComparatorTest" name="testApiResponse" time="0.11"/>
  <testcase classname="test.ComparatorTest" name="testApiResponse" time="0.031"/>
  <testcase classname="test.ComparatorTest" name="testApiResponse" time="0.019"/>
  <testcase classname="test.ComparatorTest" name="testApiResponse" time="0.04"/>
  <testcase classname="test.ComparatorTest" name="testApiResponse" time="0.056"/>
  <testcase classname="test.ComparatorTest" name="testApiResponse" time="0.034"/>
  <testcase classname="test.ComparatorTest" name="testApiResponse" time="0.03"/>
  <testcase classname="test.ComparatorTest" name="testApiResponse" time="0.028"/>
  <testcase classname="test.ComparatorTest" name="testApiResponse" time="0.115"/>
  <testcase classname="test.ComparatorTest" name="testApiResponse" time="0.017"/>
  <testcase classname="test.ComparatorTest" name="testApiResponse" time="0.03"/>
  <testcase classname="test.ComparatorTest" name="testApiResponse" time="0.006"/>
  <testcase classname="test.ComparatorTest" name="testApiResponse" time="0.09"/>
  <testcase classname="test.ComparatorTest" name="testApiResponse" time="0.006"/>
  <testcase classname="test.ComparatorTest" name="testApiResponse" time="0.057"/>
  <testcase classname="test.ComparatorTest" name="testApiResponse" time="0.029"/>
  <testcase classname="test.ComparatorTest" name="testApiResponse" time="0.11"/>
  <testcase classname="test.ComparatorTest" name="testApiResponse" time="0.017"/>
  <testcase classname="test.ComparatorTest" name="testApiResponse" time="0.013"/>
  <testcase classname="test.ComparatorTest" name="testApiResponse" time="0.017"/>
  <testcase classname="test.ComparatorTest" name="testApiResponse" time="0.079"/>
  <testcase classname="test.ComparatorTest" name="testApiResponse" time="0.023"/>
  <testcase classname="test.ComparatorTest" name="testApiResponse" time="0.041"/>
  <testcase classname="test.ComparatorTest" name="testApiResponse" time="0.027"/>
  <testcase classname="test.ComparatorTest" name="testApiResponse" time="0.122"/>
  <testcase classname="test.ComparatorTest" name="testApiResponse" time="0.009"/>
  <testcase classname="test.ComparatorTest" name="testApiResponse" time="0.012"/>
  <testcase classname="test.ComparatorTest" name="testApiResponse" time="0.011"/>
  <testcase classname="test.ComparatorTest" name="testApiResponse" time="0.11"/>
  <testcase classname="test.ComparatorTest" name="testApiResponse" time="0.016"/>
  <testcase classname="test.ComparatorTest" name="testApiResponse" time="0.003"/>
  <testcase classname="test.ComparatorTest" name="testApiResponse" time="0.048"/>
  <testcase classname="test.ComparatorTest" name="testApiResponse" time="0.127"/>
  <testcase classname="test.ComparatorTest" name="testApiResponse" time="0"/>
  <testcase classname="test.ComparatorTest" name="testApiResponse" time="0.014"/>
  <testcase classname="test.ComparatorTest" name="testApiResponse" time="0.02"/>
  <testcase classname="test.ComparatorTest" name="testApiResponse" time="0.116"/>
  <testcase classname="test.ComparatorTest" name="testApiResponse" time="0"/>
  <testcase classname="test.ComparatorTest" name="testApiResponse" time="0.036"/>
  <testcase classname="test.ComparatorTest" name="testApiResponse" time="0.068"/>
  <testcase classname="test.ComparatorTest" name="testApiResponse" time="0.08"/>
  <testcase classname="test.ComparatorTest" name="testApiResponse" time="0.012"/>
  <testcase classname="test.ComparatorTest" name="testApiResponse" time="0.02"/>
  <testcase classname="test.ComparatorTest" name="testApiResponse" time="0.017"/>
  <testcase classname="test.ComparatorTest" name="testApiResponse" time="0.075"/>
  <testcase classname="test.ComparatorTest" name="testApiResponse" time="0.038"/>
  <testcase classname="test.ComparatorTest" name="testApiResponse" time="0.021"/>
  <testcase classname="test.ComparatorTest" name="testApiResponse" time="0.048"/>
  <testcase classname="test.ComparatorTest" name="testApiResponse" time="0.085"/>
  <testcase classname="test.ComparatorTest" name="testApiResponse" time="0.02"/>
  <testcase classname="test.ComparatorTest" name="testApiResponse" time="0.023"/>
  <testcase classname="test.ComparatorTest" name="testApiResponse" time="0.013"/>
  <testcase classname="test.ComparatorTest" name="testApiResponse" time="0.074"/>
  <testcase classname="test.ComparatorTest" name="testApiResponse" time="0.048"/>
  <testcase classname="test.ComparatorTest" name="testApiResponse" time="0.045"/>
  <testcase classname="test.ComparatorTest" name="testApiResponse" time="0.029"/>
  <testcase classname="test.ComparatorTest" name="testApiResponse" time="0.086"/>
  <testcase classname="test.ComparatorTest" name="testApiResponse" time="0.037"/>
  <testcase classname="test.ComparatorTest" name="testApiResponse" time="0"/>
  <testcase classname="test.ComparatorTest" name="testApiResponse" time="0.009"/>
  <testcase classname="test.ComparatorTest" name="testApiResponse" time="0.052"/>
  <testcase classname="test.ComparatorTest" name="testApiResponse" time="0.061"/>
  <testcase classname="test.ComparatorTest" name="testApiResponse" time="0.034"/>
  <testcase classname="test.ComparatorTest" name="testApiResponse" time="0.039"/>
  <testcase classname="test.ComparatorTest" name="testApiResponse" time="0.07"/>
  <testcase classname="test.ComparatorTest" name="testApiResponse" time="0.036"/>
  <testcase classname="test.ComparatorTest" name="testApiResponse" time="0.012"/>
  <testcase classname="test.ComparatorTest" name="testApiResponse" time="0.016"/>
  <testcase classname="test.ComparatorTest" name="testApiResponse" time="0.033"/>
  <testcase classname="test.ComparatorTest" name="testApiResponse" time="0.056"/>
  <testcase classname="test.ComparatorTest" name="testApiResponse" time="0.034"/>
  <testcase classname="test.ComparatorTest" name="testApiResponse" time="0.063"/>
  <testcase classname="test.ComparatorTest" name="testApiResponse" time="0.043"/>
  <testcase classname="test.ComparatorTest" name="testApiResponse" time="0.032"/>
  <testcase classname="test.ComparatorTest" name="testApiResponse" time="0.016"/>
  <testcase classname="test.ComparatorTest" name="testApiResponse" time="0.01"/>
  <testcase classname="test.ComparatorTest" name="testApiResponse" time="0.043"/>
  <testcase classname="test.ComparatorTest" name="testApiResponse" time="0.039"/>
  <testcase classname="test.ComparatorTest" name="testApiResponse" time="0.056"/>
  <testcase classname="test.ComparatorTest" name="testApiResponse" time="0.064"/>
  <testcase classname="test.ComparatorTest" name="testApiResponse" time="0.035"/>
  <testcase classname="test.ComparatorTest" name="testApiResponse" time="0.034"/>
  <testcase classname="test.ComparatorTest" name="testApiResponse" time="0.009"/>
  <testcase classname="test.ComparatorTest" name="testApiResponse" time="0.056"/>
  <testcase classname="test.ComparatorTest" name="testApiResponse" time="0.003"/>
  <testcase classname="test.ComparatorTest" name="testApiResponse" time="0.036"/>
  <testcase classname="test.ComparatorTest" name="testApiResponse" time="0.043"/>
  <testcase classname="test.ComparatorTest" name="testApiResponse" time="0.071"/>
  <testcase classname="test.ComparatorTest" name="testApiResponse" time="0.047"/>
  <testcase classname="test.ComparatorTest" name="testApiResponse" time="0.03"/>
  <testcase classname="test.ComparatorTest" name="testApiResponse" time="0.011"/>
  <testcase classname="test.ComparatorTest" name="testApiResponse" time="0.046"/>
  <testcase classname="test.ComparatorTest" name="testApiResponse" time="0.02"/>
  <testcase classname="test.ComparatorTest" name="testApiResponse" time="0.022"/>
  <testcase classname="test.ComparatorTest" name="testApiResponse" time="0.041"/>
  <testcase classname="test.ComparatorTest" name="testApiResponse" time="0.081"/>
  <testcase classname="test.ComparatorTest" name="testApiResponse" time="0.04"/>
  <testcase classname="test.ComparatorTest" name="testApiResponse" time="0.032"/>
  <testcase classname="test.ComparatorTest" name="testApiResponse" time="0.045"/>
  <testcase classname="test.ComparatorTest" name="testApiResponse" time="0.008"/>
  <testcase classname="test.ComparatorTest" name="testApiResponse" time="0.038"/>
  <testcase classname="test.ComparatorTest" name="testApiResponse" time="0.006"/>
  <testcase classname="test.ComparatorTest" name="testApiResponse" time="0.043"/>
  <testcase classname="test.ComparatorTest" name="testApiResponse" time="0.097"/>
  <testcase classname="test.ComparatorTest" name="testApiResponse" time="0.05"/>
  <testcase classname="test.ComparatorTest" name="testApiResponse" time="0.019"/>
  <testcase classname="test.ComparatorTest" name="testApiResponse" time="0.05"/>
  <testcase classname="test.ComparatorTest" name="testApiResponse" time="0.032"/>
  <testcase classname="test.ComparatorTest" name="testApiResponse" time="0.012"/>
  <testcase classname="test.ComparatorTest" name="testApiResponse" time="0.041"/>
  <testcase classname="test.ComparatorTest" name="testApiResponse" time="0.008"/>
  <testcase classname="test.ComparatorTest" name="testApiResponse" time="0.098"/>
  <testcase classname="test.ComparatorTest" name="testApiResponse" time="0.079"/>
  <testcase classname="test.ComparatorTest" name="testApiResponse" time="0.031"/>
  <testcase classname="test.ComparatorTest" name="testApiResponse" time="0.042"/>
  <testcase classname="test.ComparatorTest" name="testApiResponse" time="0.029"/>
  <testcase classname="test.ComparatorTest" name="testApiResponse" time="0.018"/>
  <testcase classname="test.ComparatorTest" name="testApiResponse" time="0.019"/>
  <testcase classname="test.ComparatorTest" name="testApiResponse" time="0.005"/>
  <testcase classname="test.ComparatorTest" name="testApiResponse" time="0.1"/>
  <testcase classname="test.ComparatorTest" name="testApiResponse" time="0.2"/>
  <testcase classname="test.ComparatorTest" name="testApiResponse" time="0.208"/>
  <testcase classname="test.ComparatorTest" name="testApiResponse" time="0.276"/>
  <testcase classname="test.ComparatorTest" name="testApiResponse" time="0.276"/>
  <testcase classname="test.ComparatorTest" name="testApiResponse" time="0.323"/>
  <testcase classname="test.ComparatorTest" name="testApiResponse" time="0.335"/>
  <testcase classname="test.ComparatorTest" name="testApiResponse" time="0.364"/>
  <testcase classname="test.ComparatorTest" name="testApiResponse" time="21.247"/>
  <testcase classname="test.ComparatorTest" name="testApiResponse" time="30.817"/>
</testsuite>